2022-02-20 21:43:38,731 INFO    MainThread:54658 [wandb_setup.py:_flush():75] Loading settings from /Users/den/.config/wandb/settings
2022-02-20 21:43:38,733 INFO    MainThread:54658 [wandb_setup.py:_flush():75] Loading settings from /Users/den/my/fast/ml-env/notebooks/wandb/settings
2022-02-20 21:43:38,733 INFO    MainThread:54658 [wandb_setup.py:_flush():75] Loading settings from environment variables: {}
2022-02-20 21:43:38,733 INFO    MainThread:54658 [wandb_setup.py:_flush():75] Inferring run settings from compute environment: {'program': '<python with no main file>'}
2022-02-20 21:43:38,733 INFO    MainThread:54658 [wandb_setup.py:_flush():75] Applying login settings: {'api_key': '***REDACTED***', 'base_url': 'http://localhost:8080'}
2022-02-20 21:43:38,733 INFO    MainThread:54658 [wandb_setup.py:_flush():75] Applying login settings: {'api_key': '***REDACTED***'}
2022-02-20 21:43:38,733 INFO    MainThread:54658 [wandb_init.py:_log_setup():386] Logging user logs to /Users/den/my/fast/ml-env/notebooks/wandb/run-20220220_214338-2aqury4r/logs/debug.log
2022-02-20 21:43:38,733 INFO    MainThread:54658 [wandb_init.py:_log_setup():387] Logging internal logs to /Users/den/my/fast/ml-env/notebooks/wandb/run-20220220_214338-2aqury4r/logs/debug-internal.log
2022-02-20 21:43:38,733 INFO    MainThread:54658 [wandb_init.py:_jupyter_setup():336] configuring jupyter hooks <wandb.sdk.wandb_init._WandbInit object at 0x1437184f0>
2022-02-20 21:43:38,734 INFO    MainThread:54658 [wandb_init.py:init():420] calling init triggers
2022-02-20 21:43:38,734 INFO    MainThread:54658 [wandb_init.py:init():425] wandb.init called with sweep_config: {}
config: {'wandb_nb': 'wandb_credit_soc'}
2022-02-20 21:43:38,735 INFO    MainThread:54658 [wandb_init.py:init():471] starting backend
2022-02-20 21:43:38,735 INFO    MainThread:54658 [backend.py:_multiprocessing_setup():99] multiprocessing start_methods=spawn,fork,forkserver, using: spawn
2022-02-20 21:43:38,744 INFO    MainThread:54658 [backend.py:ensure_launched():219] starting backend process...
2022-02-20 21:43:38,749 INFO    MainThread:54658 [backend.py:ensure_launched():224] started backend process with pid: 65847
2022-02-20 21:43:38,752 INFO    MainThread:54658 [wandb_init.py:init():480] backend started and connected
2022-02-20 21:43:38,806 INFO    MainThread:54658 [wandb_run.py:_label_probe_notebook():921] probe notebook
2022-02-20 21:43:38,806 INFO    MainThread:54658 [wandb_run.py:_label_probe_notebook():931] Unable to probe notebook: 'NoneType' object has no attribute 'get'
2022-02-20 21:43:38,806 INFO    MainThread:54658 [wandb_init.py:init():550] updated telemetry
2022-02-20 21:43:38,840 INFO    MainThread:54658 [wandb_init.py:init():581] communicating current version
2022-02-20 21:43:40,086 INFO    MainThread:54658 [wandb_init.py:init():586] got version response 
2022-02-20 21:43:40,086 INFO    MainThread:54658 [wandb_init.py:init():596] communicating run to backend with 30 second timeout
2022-02-20 21:43:40,144 INFO    MainThread:54658 [wandb_init.py:init():624] starting run threads in backend
2022-02-20 21:43:40,274 INFO    MainThread:54658 [wandb_run.py:_console_start():1827] atexit reg
2022-02-20 21:43:40,275 INFO    MainThread:54658 [wandb_run.py:_redirect():1701] redirect: SettingsConsole.WRAP
2022-02-20 21:43:40,275 INFO    MainThread:54658 [wandb_run.py:_redirect():1738] Wrapping output streams.
2022-02-20 21:43:40,278 INFO    MainThread:54658 [wandb_run.py:_redirect():1762] Redirects installed.
2022-02-20 21:43:40,278 INFO    MainThread:54658 [wandb_init.py:init():651] run started, returning control to user process
2022-02-20 21:43:40,278 INFO    MainThread:54658 [wandb_init.py:_pause_backend():299] pausing backend
2022-02-20 21:43:40,278 INFO    MainThread:54658 [jupyter.py:save_ipynb():377] looking for notebook: ml-env/notebooks/credit_score.ipynb
2022-02-20 21:43:44,678 INFO    MainThread:54658 [wandb_init.py:_resume_backend():308] resuming backend
2022-02-20 21:43:45,256 INFO    MainThread:54658 [wandb_init.py:_pause_backend():299] pausing backend
2022-02-20 21:43:45,256 INFO    MainThread:54658 [jupyter.py:save_ipynb():377] looking for notebook: ml-env/notebooks/credit_score.ipynb
2022-02-20 21:48:13,058 INFO    MainThread:54658 [wandb_run.py:_atexit_cleanup():1797] got exitcode: 0
2022-02-20 21:48:13,071 INFO    MainThread:54658 [wandb_run.py:_restore():1769] restore
2022-02-20 21:48:13,664 INFO    MainThread:54658 [wandb_run.py:_wait_for_finish():1929] got exit ret: file_counts {
  wandb_count: 2
}
pusher_stats {
  uploaded_bytes: 2993
  total_bytes: 2993
}

2022-02-20 21:48:13,805 INFO    MainThread:54658 [wandb_run.py:_wait_for_finish():1929] got exit ret: file_counts {
  wandb_count: 6
}
pusher_stats {
  uploaded_bytes: 2993
  total_bytes: 88839
}

2022-02-20 21:48:13,907 INFO    MainThread:54658 [wandb_run.py:_wait_for_finish():1929] got exit ret: file_counts {
  wandb_count: 6
}
pusher_stats {
  uploaded_bytes: 88839
  total_bytes: 88839
}

2022-02-20 21:48:14,013 INFO    MainThread:54658 [wandb_run.py:_wait_for_finish():1929] got exit ret: file_counts {
  wandb_count: 6
}
pusher_stats {
  uploaded_bytes: 88839
  total_bytes: 88839
}

2022-02-20 21:48:14,128 INFO    MainThread:54658 [wandb_run.py:_wait_for_finish():1929] got exit ret: file_counts {
  wandb_count: 6
}
pusher_stats {
  uploaded_bytes: 88839
  total_bytes: 88839
}

2022-02-20 21:48:14,259 INFO    MainThread:54658 [wandb_run.py:_wait_for_finish():1929] got exit ret: done: true
exit_result {
}
file_counts {
  wandb_count: 6
}
pusher_stats {
  uploaded_bytes: 88839
  total_bytes: 88839
}
local_info {
}

2022-02-20 21:48:15,465 INFO    MainThread:54658 [wandb_run.py:_append_files():2194] logging synced files
