2022-02-20 21:43:39,849 INFO    MainThread:65847 [internal.py:wandb_internal():89] W&B internal server running at pid: 65847, started at: 2022-02-20 21:43:39.849244
2022-02-20 21:43:39,850 INFO    WriterThread:65847 [datastore.py:open_for_write():77] open: /Users/den/my/fast/ml-env/notebooks/wandb/run-20220220_214338-2aqury4r/run-2aqury4r.wandb
2022-02-20 21:43:39,851 DEBUG   HandlerThread:65847 [handler.py:handle_request():131] handle_request: check_version
2022-02-20 21:43:39,853 DEBUG   SenderThread:65847 [sender.py:send():235] send: header
2022-02-20 21:43:39,854 DEBUG   SenderThread:65847 [sender.py:send_request():249] send_request: check_version
2022-02-20 21:43:40,087 DEBUG   SenderThread:65847 [sender.py:send():235] send: run
2022-02-20 21:43:40,140 INFO    SenderThread:65847 [dir_watcher.py:__init__():169] watching files in: /Users/den/my/fast/ml-env/notebooks/wandb/run-20220220_214338-2aqury4r/files
2022-02-20 21:43:40,140 INFO    SenderThread:65847 [sender.py:_start_run_threads():809] run started: 2aqury4r with start time 1645382618
2022-02-20 21:43:40,142 DEBUG   SenderThread:65847 [sender.py:send():235] send: summary
2022-02-20 21:43:40,142 INFO    SenderThread:65847 [sender.py:_save_file():944] saving file wandb-summary.json with policy end
2022-02-20 21:43:40,145 DEBUG   HandlerThread:65847 [handler.py:handle_request():131] handle_request: run_start
2022-02-20 21:43:40,146 DEBUG   HandlerThread:65847 [meta.py:__init__():36] meta init
2022-02-20 21:43:40,146 DEBUG   HandlerThread:65847 [meta.py:__init__():50] meta init done
2022-02-20 21:43:40,146 DEBUG   HandlerThread:65847 [meta.py:probe():210] probe
2022-02-20 21:43:40,151 DEBUG   HandlerThread:65847 [meta.py:_setup_git():200] setup git
2022-02-20 21:43:40,178 DEBUG   HandlerThread:65847 [meta.py:_setup_git():207] setup git done
2022-02-20 21:43:40,179 DEBUG   HandlerThread:65847 [meta.py:_save_code():88] save code
2022-02-20 21:43:40,179 WARNING HandlerThread:65847 [meta.py:_save_code():90] unable to save code -- program entry not found
2022-02-20 21:43:40,179 DEBUG   HandlerThread:65847 [meta.py:_save_patches():126] save patches
2022-02-20 21:43:40,258 DEBUG   HandlerThread:65847 [meta.py:_save_patches():168] save patches done
2022-02-20 21:43:40,259 DEBUG   HandlerThread:65847 [meta.py:_save_pip():54] save pip
2022-02-20 21:43:40,259 DEBUG   HandlerThread:65847 [meta.py:_save_pip():68] save pip done
2022-02-20 21:43:40,259 DEBUG   HandlerThread:65847 [meta.py:probe():248] probe done
2022-02-20 21:43:40,264 DEBUG   SenderThread:65847 [sender.py:send():235] send: files
2022-02-20 21:43:40,264 INFO    SenderThread:65847 [sender.py:_save_file():944] saving file wandb-metadata.json with policy now
2022-02-20 21:43:40,265 INFO    SenderThread:65847 [sender.py:_save_file():944] saving file diff.patch with policy now
2022-02-20 21:43:40,273 DEBUG   HandlerThread:65847 [handler.py:handle_request():131] handle_request: stop_status
2022-02-20 21:43:40,274 DEBUG   SenderThread:65847 [sender.py:send_request():249] send_request: stop_status
2022-02-20 21:43:40,279 DEBUG   HandlerThread:65847 [handler.py:handle_request():131] handle_request: pause
2022-02-20 21:43:40,279 INFO    HandlerThread:65847 [handler.py:handle_request_pause():620] stopping system metrics thread
2022-02-20 21:43:40,344 INFO    Thread-12 :65847 [upload_job.py:push():137] Uploaded file /var/folders/qj/dzmgfs4103qd2st0jmk77psm0000gn/T/tmpl2ck5b02wandb/3biostpj-diff.patch
2022-02-20 21:43:40,344 INFO    Thread-11 :65847 [upload_job.py:push():137] Uploaded file /var/folders/qj/dzmgfs4103qd2st0jmk77psm0000gn/T/tmpl2ck5b02wandb/3ponk743-wandb-metadata.json
2022-02-20 21:43:40,358 DEBUG   SenderThread:65847 [sender.py:send():235] send: stats
2022-02-20 21:43:41,142 INFO    Thread-8  :65847 [dir_watcher.py:_on_file_created():217] file/dir created: /Users/den/my/fast/ml-env/notebooks/wandb/run-20220220_214338-2aqury4r/files/requirements.txt
2022-02-20 21:43:41,142 INFO    Thread-8  :65847 [dir_watcher.py:_on_file_created():217] file/dir created: /Users/den/my/fast/ml-env/notebooks/wandb/run-20220220_214338-2aqury4r/files/wandb-metadata.json
2022-02-20 21:43:41,143 INFO    Thread-8  :65847 [dir_watcher.py:_on_file_created():217] file/dir created: /Users/den/my/fast/ml-env/notebooks/wandb/run-20220220_214338-2aqury4r/files/diff.patch
2022-02-20 21:43:41,143 INFO    Thread-8  :65847 [dir_watcher.py:_on_file_created():217] file/dir created: /Users/den/my/fast/ml-env/notebooks/wandb/run-20220220_214338-2aqury4r/files/output.log
2022-02-20 21:43:41,143 INFO    Thread-8  :65847 [dir_watcher.py:_on_file_created():217] file/dir created: /Users/den/my/fast/ml-env/notebooks/wandb/run-20220220_214338-2aqury4r/files/wandb-summary.json
2022-02-20 21:43:43,147 INFO    Thread-8  :65847 [dir_watcher.py:_on_file_modified():230] file/dir modified: /Users/den/my/fast/ml-env/notebooks/wandb/run-20220220_214338-2aqury4r/files/output.log
2022-02-20 21:43:44,679 DEBUG   HandlerThread:65847 [handler.py:handle_request():131] handle_request: resume
2022-02-20 21:43:44,679 INFO    HandlerThread:65847 [handler.py:handle_request_resume():611] starting system metrics thread
2022-02-20 21:43:45,257 DEBUG   HandlerThread:65847 [handler.py:handle_request():131] handle_request: pause
2022-02-20 21:43:45,257 INFO    HandlerThread:65847 [handler.py:handle_request_pause():620] stopping system metrics thread
2022-02-20 21:43:45,301 DEBUG   SenderThread:65847 [sender.py:send():235] send: stats
2022-02-20 21:43:47,160 INFO    Thread-8  :65847 [dir_watcher.py:_on_file_modified():230] file/dir modified: /Users/den/my/fast/ml-env/notebooks/wandb/run-20220220_214338-2aqury4r/files/output.log
2022-02-20 21:43:55,293 DEBUG   HandlerThread:65847 [handler.py:handle_request():131] handle_request: stop_status
2022-02-20 21:43:55,294 DEBUG   SenderThread:65847 [sender.py:send_request():249] send_request: stop_status
2022-02-20 21:44:10,320 DEBUG   HandlerThread:65847 [handler.py:handle_request():131] handle_request: stop_status
2022-02-20 21:44:10,320 DEBUG   SenderThread:65847 [sender.py:send_request():249] send_request: stop_status
2022-02-20 21:44:25,341 DEBUG   HandlerThread:65847 [handler.py:handle_request():131] handle_request: stop_status
2022-02-20 21:44:25,341 DEBUG   SenderThread:65847 [sender.py:send_request():249] send_request: stop_status
2022-02-20 21:44:40,361 DEBUG   HandlerThread:65847 [handler.py:handle_request():131] handle_request: stop_status
2022-02-20 21:44:40,361 DEBUG   SenderThread:65847 [sender.py:send_request():249] send_request: stop_status
2022-02-20 21:44:55,380 DEBUG   HandlerThread:65847 [handler.py:handle_request():131] handle_request: stop_status
2022-02-20 21:44:55,380 DEBUG   SenderThread:65847 [sender.py:send_request():249] send_request: stop_status
2022-02-20 21:45:10,420 DEBUG   HandlerThread:65847 [handler.py:handle_request():131] handle_request: stop_status
2022-02-20 21:45:10,420 DEBUG   SenderThread:65847 [sender.py:send_request():249] send_request: stop_status
2022-02-20 21:45:25,440 DEBUG   HandlerThread:65847 [handler.py:handle_request():131] handle_request: stop_status
2022-02-20 21:45:25,440 DEBUG   SenderThread:65847 [sender.py:send_request():249] send_request: stop_status
2022-02-20 21:45:40,464 DEBUG   HandlerThread:65847 [handler.py:handle_request():131] handle_request: stop_status
2022-02-20 21:45:40,465 DEBUG   SenderThread:65847 [sender.py:send_request():249] send_request: stop_status
2022-02-20 21:45:55,491 DEBUG   HandlerThread:65847 [handler.py:handle_request():131] handle_request: stop_status
2022-02-20 21:45:55,491 DEBUG   SenderThread:65847 [sender.py:send_request():249] send_request: stop_status
2022-02-20 21:46:10,517 DEBUG   HandlerThread:65847 [handler.py:handle_request():131] handle_request: stop_status
2022-02-20 21:46:10,517 DEBUG   SenderThread:65847 [sender.py:send_request():249] send_request: stop_status
2022-02-20 21:46:25,541 DEBUG   HandlerThread:65847 [handler.py:handle_request():131] handle_request: stop_status
2022-02-20 21:46:25,542 DEBUG   SenderThread:65847 [sender.py:send_request():249] send_request: stop_status
2022-02-20 21:46:40,565 DEBUG   HandlerThread:65847 [handler.py:handle_request():131] handle_request: stop_status
2022-02-20 21:46:40,565 DEBUG   SenderThread:65847 [sender.py:send_request():249] send_request: stop_status
2022-02-20 21:46:55,579 DEBUG   HandlerThread:65847 [handler.py:handle_request():131] handle_request: stop_status
2022-02-20 21:46:55,580 DEBUG   SenderThread:65847 [sender.py:send_request():249] send_request: stop_status
2022-02-20 21:47:10,601 DEBUG   HandlerThread:65847 [handler.py:handle_request():131] handle_request: stop_status
2022-02-20 21:47:10,602 DEBUG   SenderThread:65847 [sender.py:send_request():249] send_request: stop_status
2022-02-20 21:47:25,624 DEBUG   HandlerThread:65847 [handler.py:handle_request():131] handle_request: stop_status
2022-02-20 21:47:25,625 DEBUG   SenderThread:65847 [sender.py:send_request():249] send_request: stop_status
2022-02-20 21:47:40,642 DEBUG   HandlerThread:65847 [handler.py:handle_request():131] handle_request: stop_status
2022-02-20 21:47:40,643 DEBUG   SenderThread:65847 [sender.py:send_request():249] send_request: stop_status
2022-02-20 21:47:55,662 DEBUG   HandlerThread:65847 [handler.py:handle_request():131] handle_request: stop_status
2022-02-20 21:47:55,664 DEBUG   SenderThread:65847 [sender.py:send_request():249] send_request: stop_status
2022-02-20 21:48:10,684 DEBUG   HandlerThread:65847 [handler.py:handle_request():131] handle_request: stop_status
2022-02-20 21:48:10,685 DEBUG   SenderThread:65847 [sender.py:send_request():249] send_request: stop_status
2022-02-20 21:48:13,047 WARNING MainThread:65847 [internal.py:wandb_internal():152] Internal process interrupt: 1
2022-02-20 21:48:13,651 DEBUG   SenderThread:65847 [sender.py:send():235] send: telemetry
2022-02-20 21:48:13,652 DEBUG   SenderThread:65847 [sender.py:send():235] send: exit
2022-02-20 21:48:13,652 DEBUG   HandlerThread:65847 [handler.py:handle_request():131] handle_request: poll_exit
2022-02-20 21:48:13,653 INFO    SenderThread:65847 [sender.py:send_exit():371] handling exit code: 0
2022-02-20 21:48:13,654 INFO    SenderThread:65847 [sender.py:send_exit():373] handling runtime: 0
2022-02-20 21:48:13,656 INFO    SenderThread:65847 [sender.py:_save_file():944] saving file wandb-summary.json with policy end
2022-02-20 21:48:13,657 INFO    SenderThread:65847 [sender.py:send_exit():379] send defer
2022-02-20 21:48:13,661 DEBUG   SenderThread:65847 [sender.py:send_request():249] send_request: poll_exit
2022-02-20 21:48:13,663 DEBUG   HandlerThread:65847 [handler.py:handle_request():131] handle_request: defer
2022-02-20 21:48:13,663 INFO    HandlerThread:65847 [handler.py:handle_request_defer():154] handle defer: 0
2022-02-20 21:48:13,663 DEBUG   SenderThread:65847 [sender.py:send_request():249] send_request: defer
2022-02-20 21:48:13,663 INFO    SenderThread:65847 [sender.py:send_request_defer():388] handle sender defer: 0
2022-02-20 21:48:13,663 INFO    SenderThread:65847 [sender.py:transition_state():392] send defer: 1
2022-02-20 21:48:13,664 DEBUG   HandlerThread:65847 [handler.py:handle_request():131] handle_request: defer
2022-02-20 21:48:13,664 INFO    HandlerThread:65847 [handler.py:handle_request_defer():154] handle defer: 1
2022-02-20 21:48:13,665 DEBUG   SenderThread:65847 [sender.py:send_request():249] send_request: defer
2022-02-20 21:48:13,665 INFO    SenderThread:65847 [sender.py:send_request_defer():388] handle sender defer: 1
2022-02-20 21:48:13,665 INFO    SenderThread:65847 [sender.py:transition_state():392] send defer: 2
2022-02-20 21:48:13,665 DEBUG   HandlerThread:65847 [handler.py:handle_request():131] handle_request: defer
2022-02-20 21:48:13,665 INFO    HandlerThread:65847 [handler.py:handle_request_defer():154] handle defer: 2
2022-02-20 21:48:13,666 DEBUG   SenderThread:65847 [sender.py:send_request():249] send_request: defer
2022-02-20 21:48:13,666 INFO    SenderThread:65847 [sender.py:send_request_defer():388] handle sender defer: 2
2022-02-20 21:48:13,666 INFO    SenderThread:65847 [sender.py:transition_state():392] send defer: 3
2022-02-20 21:48:13,667 DEBUG   HandlerThread:65847 [handler.py:handle_request():131] handle_request: defer
2022-02-20 21:48:13,667 INFO    HandlerThread:65847 [handler.py:handle_request_defer():154] handle defer: 3
2022-02-20 21:48:13,667 DEBUG   SenderThread:65847 [sender.py:send():235] send: summary
2022-02-20 21:48:13,667 INFO    SenderThread:65847 [sender.py:_save_file():944] saving file wandb-summary.json with policy end
2022-02-20 21:48:13,668 DEBUG   SenderThread:65847 [sender.py:send_request():249] send_request: defer
2022-02-20 21:48:13,668 INFO    SenderThread:65847 [sender.py:send_request_defer():388] handle sender defer: 3
2022-02-20 21:48:13,668 INFO    SenderThread:65847 [sender.py:transition_state():392] send defer: 4
2022-02-20 21:48:13,668 DEBUG   HandlerThread:65847 [handler.py:handle_request():131] handle_request: defer
2022-02-20 21:48:13,668 INFO    HandlerThread:65847 [handler.py:handle_request_defer():154] handle defer: 4
2022-02-20 21:48:13,668 DEBUG   SenderThread:65847 [sender.py:send_request():249] send_request: defer
2022-02-20 21:48:13,668 INFO    SenderThread:65847 [sender.py:send_request_defer():388] handle sender defer: 4
2022-02-20 21:48:13,699 INFO    SenderThread:65847 [sender.py:transition_state():392] send defer: 5
2022-02-20 21:48:13,699 DEBUG   HandlerThread:65847 [handler.py:handle_request():131] handle_request: defer
2022-02-20 21:48:13,699 INFO    HandlerThread:65847 [handler.py:handle_request_defer():154] handle defer: 5
2022-02-20 21:48:13,699 DEBUG   SenderThread:65847 [sender.py:send_request():249] send_request: defer
2022-02-20 21:48:13,700 INFO    SenderThread:65847 [sender.py:send_request_defer():388] handle sender defer: 5
2022-02-20 21:48:13,700 INFO    SenderThread:65847 [dir_watcher.py:finish():283] shutting down directory watcher
2022-02-20 21:48:13,771 DEBUG   HandlerThread:65847 [handler.py:handle_request():131] handle_request: poll_exit
2022-02-20 21:48:13,792 INFO    SenderThread:65847 [dir_watcher.py:_on_file_modified():230] file/dir modified: /Users/den/my/fast/ml-env/notebooks/wandb/run-20220220_214338-2aqury4r/files/output.log
2022-02-20 21:48:13,792 INFO    SenderThread:65847 [dir_watcher.py:_on_file_modified():230] file/dir modified: /Users/den/my/fast/ml-env/notebooks/wandb/run-20220220_214338-2aqury4r/files/config.yaml
2022-02-20 21:48:13,793 INFO    SenderThread:65847 [dir_watcher.py:_on_file_modified():230] file/dir modified: /Users/den/my/fast/ml-env/notebooks/wandb/run-20220220_214338-2aqury4r/files/wandb-summary.json
2022-02-20 21:48:13,793 INFO    SenderThread:65847 [dir_watcher.py:finish():313] scan: /Users/den/my/fast/ml-env/notebooks/wandb/run-20220220_214338-2aqury4r/files
2022-02-20 21:48:13,793 INFO    SenderThread:65847 [dir_watcher.py:finish():327] scan save: /Users/den/my/fast/ml-env/notebooks/wandb/run-20220220_214338-2aqury4r/files/diff.patch diff.patch
2022-02-20 21:48:13,793 INFO    SenderThread:65847 [dir_watcher.py:finish():327] scan save: /Users/den/my/fast/ml-env/notebooks/wandb/run-20220220_214338-2aqury4r/files/requirements.txt requirements.txt
2022-02-20 21:48:13,793 INFO    SenderThread:65847 [dir_watcher.py:finish():327] scan save: /Users/den/my/fast/ml-env/notebooks/wandb/run-20220220_214338-2aqury4r/files/output.log output.log
2022-02-20 21:48:13,793 INFO    SenderThread:65847 [dir_watcher.py:finish():327] scan save: /Users/den/my/fast/ml-env/notebooks/wandb/run-20220220_214338-2aqury4r/files/config.yaml config.yaml
2022-02-20 21:48:13,794 INFO    SenderThread:65847 [dir_watcher.py:finish():327] scan save: /Users/den/my/fast/ml-env/notebooks/wandb/run-20220220_214338-2aqury4r/files/wandb-summary.json wandb-summary.json
2022-02-20 21:48:13,799 INFO    SenderThread:65847 [dir_watcher.py:finish():327] scan save: /Users/den/my/fast/ml-env/notebooks/wandb/run-20220220_214338-2aqury4r/files/wandb-metadata.json wandb-metadata.json
2022-02-20 21:48:13,801 INFO    SenderThread:65847 [sender.py:transition_state():392] send defer: 6
2022-02-20 21:48:13,801 DEBUG   SenderThread:65847 [sender.py:send_request():249] send_request: poll_exit
2022-02-20 21:48:13,802 DEBUG   HandlerThread:65847 [handler.py:handle_request():131] handle_request: defer
2022-02-20 21:48:13,802 INFO    HandlerThread:65847 [handler.py:handle_request_defer():154] handle defer: 6
2022-02-20 21:48:13,806 DEBUG   SenderThread:65847 [sender.py:send_request():249] send_request: defer
2022-02-20 21:48:13,806 INFO    SenderThread:65847 [sender.py:send_request_defer():388] handle sender defer: 6
2022-02-20 21:48:13,806 INFO    SenderThread:65847 [file_pusher.py:finish():177] shutting down file pusher
2022-02-20 21:48:13,854 INFO    Thread-14 :65847 [upload_job.py:push():137] Uploaded file /Users/den/my/fast/ml-env/notebooks/wandb/run-20220220_214338-2aqury4r/files/requirements.txt
2022-02-20 21:48:13,868 INFO    Thread-17 :65847 [upload_job.py:push():137] Uploaded file /Users/den/my/fast/ml-env/notebooks/wandb/run-20220220_214338-2aqury4r/files/wandb-summary.json
2022-02-20 21:48:13,881 INFO    Thread-15 :65847 [upload_job.py:push():137] Uploaded file /Users/den/my/fast/ml-env/notebooks/wandb/run-20220220_214338-2aqury4r/files/output.log
2022-02-20 21:48:13,882 INFO    Thread-16 :65847 [upload_job.py:push():137] Uploaded file /Users/den/my/fast/ml-env/notebooks/wandb/run-20220220_214338-2aqury4r/files/config.yaml
2022-02-20 21:48:13,906 DEBUG   HandlerThread:65847 [handler.py:handle_request():131] handle_request: poll_exit
2022-02-20 21:48:13,907 DEBUG   SenderThread:65847 [sender.py:send_request():249] send_request: poll_exit
2022-02-20 21:48:14,012 DEBUG   HandlerThread:65847 [handler.py:handle_request():131] handle_request: poll_exit
2022-02-20 21:48:14,012 DEBUG   SenderThread:65847 [sender.py:send_request():249] send_request: poll_exit
2022-02-20 21:48:14,085 INFO    Thread-7  :65847 [sender.py:transition_state():392] send defer: 7
2022-02-20 21:48:14,085 DEBUG   HandlerThread:65847 [handler.py:handle_request():131] handle_request: defer
2022-02-20 21:48:14,085 INFO    HandlerThread:65847 [handler.py:handle_request_defer():154] handle defer: 7
2022-02-20 21:48:14,085 DEBUG   SenderThread:65847 [sender.py:send_request():249] send_request: defer
2022-02-20 21:48:14,085 INFO    SenderThread:65847 [sender.py:send_request_defer():388] handle sender defer: 7
2022-02-20 21:48:14,116 DEBUG   HandlerThread:65847 [handler.py:handle_request():131] handle_request: poll_exit
2022-02-20 21:48:14,127 INFO    SenderThread:65847 [sender.py:transition_state():392] send defer: 8
2022-02-20 21:48:14,127 DEBUG   SenderThread:65847 [sender.py:send_request():249] send_request: poll_exit
2022-02-20 21:48:14,128 DEBUG   HandlerThread:65847 [handler.py:handle_request():131] handle_request: defer
2022-02-20 21:48:14,128 INFO    HandlerThread:65847 [handler.py:handle_request_defer():154] handle defer: 8
2022-02-20 21:48:14,128 DEBUG   SenderThread:65847 [sender.py:send_request():249] send_request: defer
2022-02-20 21:48:14,128 INFO    SenderThread:65847 [sender.py:send_request_defer():388] handle sender defer: 8
2022-02-20 21:48:14,128 INFO    SenderThread:65847 [sender.py:transition_state():392] send defer: 9
2022-02-20 21:48:14,129 DEBUG   SenderThread:65847 [sender.py:send():235] send: final
2022-02-20 21:48:14,129 DEBUG   SenderThread:65847 [sender.py:send():235] send: footer
2022-02-20 21:48:14,130 DEBUG   HandlerThread:65847 [handler.py:handle_request():131] handle_request: defer
2022-02-20 21:48:14,130 INFO    HandlerThread:65847 [handler.py:handle_request_defer():154] handle defer: 9
2022-02-20 21:48:14,130 DEBUG   SenderThread:65847 [sender.py:send_request():249] send_request: defer
2022-02-20 21:48:14,130 INFO    SenderThread:65847 [sender.py:send_request_defer():388] handle sender defer: 9
2022-02-20 21:48:14,232 DEBUG   HandlerThread:65847 [handler.py:handle_request():131] handle_request: poll_exit
2022-02-20 21:48:14,232 DEBUG   SenderThread:65847 [sender.py:send_request():249] send_request: poll_exit
2022-02-20 21:48:14,232 INFO    SenderThread:65847 [file_pusher.py:join():182] waiting for file pusher
2022-02-20 21:48:14,260 DEBUG   HandlerThread:65847 [handler.py:handle_request():131] handle_request: get_summary
2022-02-20 21:48:14,260 DEBUG   HandlerThread:65847 [handler.py:handle_request():131] handle_request: sampled_history
2022-02-20 21:48:14,261 DEBUG   HandlerThread:65847 [handler.py:handle_request():131] handle_request: shutdown
2022-02-20 21:48:14,261 INFO    HandlerThread:65847 [handler.py:finish():739] shutting down handler
2022-02-20 21:48:15,132 INFO    WriterThread:65847 [datastore.py:close():281] close: /Users/den/my/fast/ml-env/notebooks/wandb/run-20220220_214338-2aqury4r/run-2aqury4r.wandb
2022-02-20 21:48:15,262 INFO    SenderThread:65847 [sender.py:finish():1075] shutting down sender
2022-02-20 21:48:15,262 INFO    SenderThread:65847 [file_pusher.py:finish():177] shutting down file pusher
2022-02-20 21:48:15,263 INFO    SenderThread:65847 [file_pusher.py:join():182] waiting for file pusher
2022-02-20 21:48:15,267 INFO    MainThread:65847 [internal.py:handle_exit():79] Internal process exited
