2022-02-20 22:02:14,391 INFO    MainThread:67562 [internal.py:wandb_internal():89] W&B internal server running at pid: 67562, started at: 2022-02-20 22:02:14.390772
2022-02-20 22:02:14,392 INFO    WriterThread:67562 [datastore.py:open_for_write():77] open: /Users/den/my/fast/ml-env/notebooks/wandb/run-20220220_220213-2dahspcv/run-2dahspcv.wandb
2022-02-20 22:02:14,392 DEBUG   HandlerThread:67562 [handler.py:handle_request():131] handle_request: check_version
2022-02-20 22:02:14,397 DEBUG   SenderThread:67562 [sender.py:send():235] send: header
2022-02-20 22:02:14,397 DEBUG   SenderThread:67562 [sender.py:send_request():249] send_request: check_version
2022-02-20 22:02:14,617 DEBUG   SenderThread:67562 [sender.py:send():235] send: run
2022-02-20 22:02:14,661 INFO    SenderThread:67562 [dir_watcher.py:__init__():169] watching files in: /Users/den/my/fast/ml-env/notebooks/wandb/run-20220220_220213-2dahspcv/files
2022-02-20 22:02:14,661 INFO    SenderThread:67562 [sender.py:_start_run_threads():809] run started: 2dahspcv with start time 1645383733
2022-02-20 22:02:14,662 DEBUG   SenderThread:67562 [sender.py:send():235] send: summary
2022-02-20 22:02:14,662 INFO    SenderThread:67562 [sender.py:_save_file():944] saving file wandb-summary.json with policy end
2022-02-20 22:02:14,667 DEBUG   HandlerThread:67562 [handler.py:handle_request():131] handle_request: run_start
2022-02-20 22:02:14,668 DEBUG   HandlerThread:67562 [meta.py:__init__():36] meta init
2022-02-20 22:02:14,668 DEBUG   HandlerThread:67562 [meta.py:__init__():50] meta init done
2022-02-20 22:02:14,668 DEBUG   HandlerThread:67562 [meta.py:probe():210] probe
2022-02-20 22:02:14,674 DEBUG   HandlerThread:67562 [meta.py:_setup_git():200] setup git
2022-02-20 22:02:14,699 DEBUG   HandlerThread:67562 [meta.py:_setup_git():207] setup git done
2022-02-20 22:02:14,700 DEBUG   HandlerThread:67562 [meta.py:_save_code():88] save code
2022-02-20 22:02:14,700 WARNING HandlerThread:67562 [meta.py:_save_code():90] unable to save code -- program entry not found
2022-02-20 22:02:14,700 DEBUG   HandlerThread:67562 [meta.py:_save_patches():126] save patches
2022-02-20 22:02:14,784 DEBUG   HandlerThread:67562 [meta.py:_save_patches():168] save patches done
2022-02-20 22:02:14,784 DEBUG   HandlerThread:67562 [meta.py:_save_pip():54] save pip
2022-02-20 22:02:14,785 DEBUG   HandlerThread:67562 [meta.py:_save_pip():68] save pip done
2022-02-20 22:02:14,785 DEBUG   HandlerThread:67562 [meta.py:probe():248] probe done
2022-02-20 22:02:14,790 DEBUG   SenderThread:67562 [sender.py:send():235] send: files
2022-02-20 22:02:14,790 INFO    SenderThread:67562 [sender.py:_save_file():944] saving file wandb-metadata.json with policy now
2022-02-20 22:02:14,790 INFO    SenderThread:67562 [sender.py:_save_file():944] saving file diff.patch with policy now
2022-02-20 22:02:14,795 DEBUG   HandlerThread:67562 [handler.py:handle_request():131] handle_request: stop_status
2022-02-20 22:02:14,797 DEBUG   SenderThread:67562 [sender.py:send_request():249] send_request: stop_status
2022-02-20 22:02:14,799 DEBUG   HandlerThread:67562 [handler.py:handle_request():131] handle_request: pause
2022-02-20 22:02:14,799 INFO    HandlerThread:67562 [handler.py:handle_request_pause():620] stopping system metrics thread
2022-02-20 22:02:14,861 INFO    Thread-12 :67562 [upload_job.py:push():137] Uploaded file /var/folders/qj/dzmgfs4103qd2st0jmk77psm0000gn/T/tmpgexrvdrdwandb/1rjkhhta-diff.patch
2022-02-20 22:02:14,862 INFO    Thread-11 :67562 [upload_job.py:push():137] Uploaded file /var/folders/qj/dzmgfs4103qd2st0jmk77psm0000gn/T/tmpgexrvdrdwandb/3sntthjb-wandb-metadata.json
2022-02-20 22:02:14,882 DEBUG   SenderThread:67562 [sender.py:send():235] send: stats
2022-02-20 22:02:15,666 INFO    Thread-8  :67562 [dir_watcher.py:_on_file_created():217] file/dir created: /Users/den/my/fast/ml-env/notebooks/wandb/run-20220220_220213-2dahspcv/files/diff.patch
2022-02-20 22:02:15,667 INFO    Thread-8  :67562 [dir_watcher.py:_on_file_created():217] file/dir created: /Users/den/my/fast/ml-env/notebooks/wandb/run-20220220_220213-2dahspcv/files/wandb-metadata.json
2022-02-20 22:02:15,667 INFO    Thread-8  :67562 [dir_watcher.py:_on_file_created():217] file/dir created: /Users/den/my/fast/ml-env/notebooks/wandb/run-20220220_220213-2dahspcv/files/output.log
2022-02-20 22:02:15,667 INFO    Thread-8  :67562 [dir_watcher.py:_on_file_created():217] file/dir created: /Users/den/my/fast/ml-env/notebooks/wandb/run-20220220_220213-2dahspcv/files/wandb-summary.json
2022-02-20 22:02:15,667 INFO    Thread-8  :67562 [dir_watcher.py:_on_file_created():217] file/dir created: /Users/den/my/fast/ml-env/notebooks/wandb/run-20220220_220213-2dahspcv/files/requirements.txt
2022-02-20 22:02:15,722 DEBUG   HandlerThread:67562 [handler.py:handle_request():131] handle_request: resume
2022-02-20 22:02:15,722 INFO    HandlerThread:67562 [handler.py:handle_request_resume():611] starting system metrics thread
2022-02-20 22:02:15,723 DEBUG   HandlerThread:67562 [handler.py:handle_request():131] handle_request: pause
2022-02-20 22:02:15,724 INFO    HandlerThread:67562 [handler.py:handle_request_pause():620] stopping system metrics thread
2022-02-20 22:02:15,827 DEBUG   SenderThread:67562 [sender.py:send():235] send: stats
2022-02-20 22:02:16,888 DEBUG   HandlerThread:67562 [handler.py:handle_request():131] handle_request: resume
2022-02-20 22:02:16,888 INFO    HandlerThread:67562 [handler.py:handle_request_resume():611] starting system metrics thread
2022-02-20 22:02:17,042 DEBUG   HandlerThread:67562 [handler.py:handle_request():131] handle_request: pause
2022-02-20 22:02:17,042 INFO    HandlerThread:67562 [handler.py:handle_request_pause():620] stopping system metrics thread
2022-02-20 22:02:17,094 DEBUG   SenderThread:67562 [sender.py:send():235] send: stats
2022-02-20 22:02:17,673 INFO    Thread-8  :67562 [dir_watcher.py:_on_file_modified():230] file/dir modified: /Users/den/my/fast/ml-env/notebooks/wandb/run-20220220_220213-2dahspcv/files/output.log
2022-02-20 22:02:19,253 DEBUG   HandlerThread:67562 [handler.py:handle_request():131] handle_request: resume
2022-02-20 22:02:19,253 INFO    HandlerThread:67562 [handler.py:handle_request_resume():611] starting system metrics thread
2022-02-20 22:02:19,340 DEBUG   HandlerThread:67562 [handler.py:handle_request():131] handle_request: pause
2022-02-20 22:02:19,340 INFO    HandlerThread:67562 [handler.py:handle_request_pause():620] stopping system metrics thread
2022-02-20 22:02:19,360 DEBUG   SenderThread:67562 [sender.py:send():235] send: stats
2022-02-20 22:02:19,677 INFO    Thread-8  :67562 [dir_watcher.py:_on_file_modified():230] file/dir modified: /Users/den/my/fast/ml-env/notebooks/wandb/run-20220220_220213-2dahspcv/files/output.log
2022-02-20 22:02:19,726 DEBUG   HandlerThread:67562 [handler.py:handle_request():131] handle_request: resume
2022-02-20 22:02:19,726 INFO    HandlerThread:67562 [handler.py:handle_request_resume():611] starting system metrics thread
2022-02-20 22:02:21,256 DEBUG   HandlerThread:67562 [handler.py:handle_request():131] handle_request: pause
2022-02-20 22:02:21,256 INFO    HandlerThread:67562 [handler.py:handle_request_pause():620] stopping system metrics thread
2022-02-20 22:02:21,267 DEBUG   SenderThread:67562 [sender.py:send():235] send: stats
2022-02-20 22:02:21,687 INFO    Thread-8  :67562 [dir_watcher.py:_on_file_modified():230] file/dir modified: /Users/den/my/fast/ml-env/notebooks/wandb/run-20220220_220213-2dahspcv/files/output.log
2022-02-20 22:02:23,685 DEBUG   HandlerThread:67562 [handler.py:handle_request():131] handle_request: resume
2022-02-20 22:02:23,685 INFO    HandlerThread:67562 [handler.py:handle_request_resume():611] starting system metrics thread
2022-02-20 22:02:23,694 INFO    Thread-8  :67562 [dir_watcher.py:_on_file_modified():230] file/dir modified: /Users/den/my/fast/ml-env/notebooks/wandb/run-20220220_220213-2dahspcv/files/output.log
2022-02-20 22:02:23,787 DEBUG   HandlerThread:67562 [handler.py:handle_request():131] handle_request: pause
2022-02-20 22:02:23,787 INFO    HandlerThread:67562 [handler.py:handle_request_pause():620] stopping system metrics thread
2022-02-20 22:02:23,789 DEBUG   SenderThread:67562 [sender.py:send():235] send: stats
2022-02-20 22:02:25,699 INFO    Thread-8  :67562 [dir_watcher.py:_on_file_modified():230] file/dir modified: /Users/den/my/fast/ml-env/notebooks/wandb/run-20220220_220213-2dahspcv/files/output.log
2022-02-20 22:02:29,824 DEBUG   HandlerThread:67562 [handler.py:handle_request():131] handle_request: stop_status
2022-02-20 22:02:29,824 DEBUG   SenderThread:67562 [sender.py:send_request():249] send_request: stop_status
2022-02-20 22:02:38,064 DEBUG   HandlerThread:67562 [handler.py:handle_request():131] handle_request: resume
2022-02-20 22:02:38,064 INFO    HandlerThread:67562 [handler.py:handle_request_resume():611] starting system metrics thread
2022-02-20 22:02:38,077 DEBUG   HandlerThread:67562 [handler.py:handle_request():131] handle_request: pause
2022-02-20 22:02:38,077 INFO    HandlerThread:67562 [handler.py:handle_request_pause():620] stopping system metrics thread
2022-02-20 22:02:38,168 DEBUG   SenderThread:67562 [sender.py:send():235] send: stats
2022-02-20 22:02:39,751 INFO    Thread-8  :67562 [dir_watcher.py:_on_file_modified():230] file/dir modified: /Users/den/my/fast/ml-env/notebooks/wandb/run-20220220_220213-2dahspcv/files/output.log
2022-02-20 22:02:44,843 DEBUG   HandlerThread:67562 [handler.py:handle_request():131] handle_request: stop_status
2022-02-20 22:02:44,844 DEBUG   SenderThread:67562 [sender.py:send_request():249] send_request: stop_status
2022-02-20 22:02:59,868 DEBUG   HandlerThread:67562 [handler.py:handle_request():131] handle_request: stop_status
2022-02-20 22:02:59,869 DEBUG   SenderThread:67562 [sender.py:send_request():249] send_request: stop_status
2022-02-20 22:03:00,298 DEBUG   HandlerThread:67562 [handler.py:handle_request():131] handle_request: resume
2022-02-20 22:03:00,298 INFO    HandlerThread:67562 [handler.py:handle_request_resume():611] starting system metrics thread
2022-02-20 22:03:00,311 DEBUG   HandlerThread:67562 [handler.py:handle_request():131] handle_request: pause
2022-02-20 22:03:00,311 INFO    HandlerThread:67562 [handler.py:handle_request_pause():620] stopping system metrics thread
2022-02-20 22:03:00,401 DEBUG   SenderThread:67562 [sender.py:send():235] send: stats
2022-02-20 22:03:01,812 INFO    Thread-8  :67562 [dir_watcher.py:_on_file_modified():230] file/dir modified: /Users/den/my/fast/ml-env/notebooks/wandb/run-20220220_220213-2dahspcv/files/output.log
2022-02-20 22:03:14,892 DEBUG   HandlerThread:67562 [handler.py:handle_request():131] handle_request: stop_status
2022-02-20 22:03:14,892 DEBUG   SenderThread:67562 [sender.py:send_request():249] send_request: stop_status
2022-02-20 22:03:29,919 DEBUG   HandlerThread:67562 [handler.py:handle_request():131] handle_request: stop_status
2022-02-20 22:03:29,919 DEBUG   SenderThread:67562 [sender.py:send_request():249] send_request: stop_status
2022-02-20 22:03:33,535 DEBUG   HandlerThread:67562 [handler.py:handle_request():131] handle_request: resume
2022-02-20 22:03:33,535 INFO    HandlerThread:67562 [handler.py:handle_request_resume():611] starting system metrics thread
2022-02-20 22:03:33,539 DEBUG   HandlerThread:67562 [handler.py:handle_request():131] handle_request: pause
2022-02-20 22:03:33,539 INFO    HandlerThread:67562 [handler.py:handle_request_pause():620] stopping system metrics thread
2022-02-20 22:03:33,642 DEBUG   SenderThread:67562 [sender.py:send():235] send: stats
2022-02-20 22:03:35,937 INFO    Thread-8  :67562 [dir_watcher.py:_on_file_modified():230] file/dir modified: /Users/den/my/fast/ml-env/notebooks/wandb/run-20220220_220213-2dahspcv/files/output.log
2022-02-20 22:03:44,946 DEBUG   HandlerThread:67562 [handler.py:handle_request():131] handle_request: stop_status
2022-02-20 22:03:44,946 DEBUG   SenderThread:67562 [sender.py:send_request():249] send_request: stop_status
2022-02-20 22:03:59,967 DEBUG   HandlerThread:67562 [handler.py:handle_request():131] handle_request: stop_status
2022-02-20 22:03:59,968 DEBUG   SenderThread:67562 [sender.py:send_request():249] send_request: stop_status
2022-02-20 22:04:00,362 DEBUG   HandlerThread:67562 [handler.py:handle_request():131] handle_request: resume
2022-02-20 22:04:00,362 INFO    HandlerThread:67562 [handler.py:handle_request_resume():611] starting system metrics thread
2022-02-20 22:04:00,372 DEBUG   HandlerThread:67562 [handler.py:handle_request():131] handle_request: pause
2022-02-20 22:04:00,372 INFO    HandlerThread:67562 [handler.py:handle_request_pause():620] stopping system metrics thread
2022-02-20 22:04:00,464 DEBUG   SenderThread:67562 [sender.py:send():235] send: stats
2022-02-20 22:04:02,030 INFO    Thread-8  :67562 [dir_watcher.py:_on_file_modified():230] file/dir modified: /Users/den/my/fast/ml-env/notebooks/wandb/run-20220220_220213-2dahspcv/files/output.log
2022-02-20 22:04:14,990 DEBUG   HandlerThread:67562 [handler.py:handle_request():131] handle_request: stop_status
2022-02-20 22:04:14,991 DEBUG   SenderThread:67562 [sender.py:send_request():249] send_request: stop_status
2022-02-20 22:04:30,013 DEBUG   HandlerThread:67562 [handler.py:handle_request():131] handle_request: stop_status
2022-02-20 22:04:30,014 DEBUG   SenderThread:67562 [sender.py:send_request():249] send_request: stop_status
2022-02-20 22:04:45,033 DEBUG   HandlerThread:67562 [handler.py:handle_request():131] handle_request: stop_status
2022-02-20 22:04:45,034 DEBUG   SenderThread:67562 [sender.py:send_request():249] send_request: stop_status
2022-02-20 22:05:00,051 DEBUG   HandlerThread:67562 [handler.py:handle_request():131] handle_request: stop_status
2022-02-20 22:05:00,053 DEBUG   SenderThread:67562 [sender.py:send_request():249] send_request: stop_status
2022-02-20 22:05:15,075 DEBUG   HandlerThread:67562 [handler.py:handle_request():131] handle_request: stop_status
2022-02-20 22:05:15,076 DEBUG   SenderThread:67562 [sender.py:send_request():249] send_request: stop_status
2022-02-20 22:05:30,102 DEBUG   HandlerThread:67562 [handler.py:handle_request():131] handle_request: stop_status
2022-02-20 22:05:30,103 DEBUG   SenderThread:67562 [sender.py:send_request():249] send_request: stop_status
2022-02-20 22:05:45,117 DEBUG   HandlerThread:67562 [handler.py:handle_request():131] handle_request: stop_status
2022-02-20 22:05:45,118 DEBUG   SenderThread:67562 [sender.py:send_request():249] send_request: stop_status
2022-02-20 22:06:00,131 DEBUG   HandlerThread:67562 [handler.py:handle_request():131] handle_request: stop_status
2022-02-20 22:06:00,132 DEBUG   SenderThread:67562 [sender.py:send_request():249] send_request: stop_status
2022-02-20 22:06:15,148 DEBUG   HandlerThread:67562 [handler.py:handle_request():131] handle_request: stop_status
2022-02-20 22:06:15,149 DEBUG   SenderThread:67562 [sender.py:send_request():249] send_request: stop_status
2022-02-20 22:06:30,168 DEBUG   HandlerThread:67562 [handler.py:handle_request():131] handle_request: stop_status
2022-02-20 22:06:30,168 DEBUG   SenderThread:67562 [sender.py:send_request():249] send_request: stop_status
2022-02-20 22:06:33,435 DEBUG   HandlerThread:67562 [handler.py:handle_request():131] handle_request: resume
2022-02-20 22:06:33,435 INFO    HandlerThread:67562 [handler.py:handle_request_resume():611] starting system metrics thread
2022-02-20 22:06:33,444 DEBUG   HandlerThread:67562 [handler.py:handle_request():131] handle_request: pause
2022-02-20 22:06:33,444 INFO    HandlerThread:67562 [handler.py:handle_request_pause():620] stopping system metrics thread
2022-02-20 22:06:33,540 DEBUG   SenderThread:67562 [sender.py:send():235] send: stats
2022-02-20 22:06:36,564 INFO    Thread-8  :67562 [dir_watcher.py:_on_file_modified():230] file/dir modified: /Users/den/my/fast/ml-env/notebooks/wandb/run-20220220_220213-2dahspcv/files/output.log
2022-02-20 22:06:45,187 DEBUG   HandlerThread:67562 [handler.py:handle_request():131] handle_request: stop_status
2022-02-20 22:06:45,187 DEBUG   SenderThread:67562 [sender.py:send_request():249] send_request: stop_status
2022-02-20 22:07:00,208 DEBUG   HandlerThread:67562 [handler.py:handle_request():131] handle_request: stop_status
2022-02-20 22:07:00,211 DEBUG   SenderThread:67562 [sender.py:send_request():249] send_request: stop_status
2022-02-20 22:07:15,244 DEBUG   HandlerThread:67562 [handler.py:handle_request():131] handle_request: stop_status
2022-02-20 22:07:15,245 DEBUG   SenderThread:67562 [sender.py:send_request():249] send_request: stop_status
2022-02-20 22:07:30,269 DEBUG   HandlerThread:67562 [handler.py:handle_request():131] handle_request: stop_status
2022-02-20 22:07:30,269 DEBUG   SenderThread:67562 [sender.py:send_request():249] send_request: stop_status
2022-02-20 22:07:45,293 DEBUG   HandlerThread:67562 [handler.py:handle_request():131] handle_request: stop_status
2022-02-20 22:07:45,294 DEBUG   SenderThread:67562 [sender.py:send_request():249] send_request: stop_status
2022-02-20 22:08:00,319 DEBUG   HandlerThread:67562 [handler.py:handle_request():131] handle_request: stop_status
2022-02-20 22:08:00,319 DEBUG   SenderThread:67562 [sender.py:send_request():249] send_request: stop_status
2022-02-20 22:08:15,340 DEBUG   HandlerThread:67562 [handler.py:handle_request():131] handle_request: stop_status
2022-02-20 22:08:15,340 DEBUG   SenderThread:67562 [sender.py:send_request():249] send_request: stop_status
2022-02-20 22:08:30,364 DEBUG   HandlerThread:67562 [handler.py:handle_request():131] handle_request: stop_status
2022-02-20 22:08:30,364 DEBUG   SenderThread:67562 [sender.py:send_request():249] send_request: stop_status
2022-02-20 22:08:45,386 DEBUG   HandlerThread:67562 [handler.py:handle_request():131] handle_request: stop_status
2022-02-20 22:08:45,386 DEBUG   SenderThread:67562 [sender.py:send_request():249] send_request: stop_status
2022-02-20 22:09:00,409 DEBUG   HandlerThread:67562 [handler.py:handle_request():131] handle_request: stop_status
2022-02-20 22:09:00,409 DEBUG   SenderThread:67562 [sender.py:send_request():249] send_request: stop_status
2022-02-20 22:09:10,900 DEBUG   HandlerThread:67562 [handler.py:handle_request():131] handle_request: resume
2022-02-20 22:09:10,900 INFO    HandlerThread:67562 [handler.py:handle_request_resume():611] starting system metrics thread
2022-02-20 22:09:10,922 DEBUG   HandlerThread:67562 [handler.py:handle_request():131] handle_request: pause
2022-02-20 22:09:10,922 INFO    HandlerThread:67562 [handler.py:handle_request_pause():620] stopping system metrics thread
2022-02-20 22:09:11,011 DEBUG   SenderThread:67562 [sender.py:send():235] send: stats
2022-02-20 22:09:12,072 INFO    Thread-8  :67562 [dir_watcher.py:_on_file_modified():230] file/dir modified: /Users/den/my/fast/ml-env/notebooks/wandb/run-20220220_220213-2dahspcv/files/output.log
2022-02-20 22:09:15,427 DEBUG   HandlerThread:67562 [handler.py:handle_request():131] handle_request: stop_status
2022-02-20 22:09:15,427 DEBUG   SenderThread:67562 [sender.py:send_request():249] send_request: stop_status
2022-02-20 22:09:18,176 DEBUG   HandlerThread:67562 [handler.py:handle_request():131] handle_request: resume
2022-02-20 22:09:18,176 INFO    HandlerThread:67562 [handler.py:handle_request_resume():611] starting system metrics thread
2022-02-20 22:09:18,177 DEBUG   HandlerThread:67562 [handler.py:handle_request():131] handle_request: pause
2022-02-20 22:09:18,177 INFO    HandlerThread:67562 [handler.py:handle_request_pause():620] stopping system metrics thread
2022-02-20 22:09:18,282 DEBUG   SenderThread:67562 [sender.py:send():235] send: stats
2022-02-20 22:09:21,100 INFO    Thread-8  :67562 [dir_watcher.py:_on_file_modified():230] file/dir modified: /Users/den/my/fast/ml-env/notebooks/wandb/run-20220220_220213-2dahspcv/files/output.log
2022-02-20 22:09:26,857 DEBUG   HandlerThread:67562 [handler.py:handle_request():131] handle_request: resume
2022-02-20 22:09:26,857 INFO    HandlerThread:67562 [handler.py:handle_request_resume():611] starting system metrics thread
2022-02-20 22:09:27,427 DEBUG   HandlerThread:67562 [handler.py:handle_request():131] handle_request: pause
2022-02-20 22:09:27,427 INFO    HandlerThread:67562 [handler.py:handle_request_pause():620] stopping system metrics thread
2022-02-20 22:09:27,480 DEBUG   SenderThread:67562 [sender.py:send():235] send: stats
2022-02-20 22:09:29,124 INFO    Thread-8  :67562 [dir_watcher.py:_on_file_modified():230] file/dir modified: /Users/den/my/fast/ml-env/notebooks/wandb/run-20220220_220213-2dahspcv/files/output.log
2022-02-20 22:09:30,448 DEBUG   HandlerThread:67562 [handler.py:handle_request():131] handle_request: stop_status
2022-02-20 22:09:30,449 DEBUG   SenderThread:67562 [sender.py:send_request():249] send_request: stop_status
2022-02-20 22:09:45,471 DEBUG   HandlerThread:67562 [handler.py:handle_request():131] handle_request: stop_status
2022-02-20 22:09:45,471 DEBUG   SenderThread:67562 [sender.py:send_request():249] send_request: stop_status
2022-02-20 22:10:00,488 DEBUG   HandlerThread:67562 [handler.py:handle_request():131] handle_request: stop_status
2022-02-20 22:10:00,489 DEBUG   SenderThread:67562 [sender.py:send_request():249] send_request: stop_status
2022-02-20 22:10:15,511 DEBUG   HandlerThread:67562 [handler.py:handle_request():131] handle_request: stop_status
2022-02-20 22:10:15,514 DEBUG   SenderThread:67562 [sender.py:send_request():249] send_request: stop_status
2022-02-20 22:10:30,534 DEBUG   HandlerThread:67562 [handler.py:handle_request():131] handle_request: stop_status
2022-02-20 22:10:30,535 DEBUG   SenderThread:67562 [sender.py:send_request():249] send_request: stop_status
2022-02-20 22:10:36,333 DEBUG   HandlerThread:67562 [handler.py:handle_request():131] handle_request: resume
2022-02-20 22:10:36,333 INFO    HandlerThread:67562 [handler.py:handle_request_resume():611] starting system metrics thread
2022-02-20 22:10:36,334 DEBUG   HandlerThread:67562 [handler.py:handle_request():131] handle_request: pause
2022-02-20 22:10:36,334 INFO    HandlerThread:67562 [handler.py:handle_request_pause():620] stopping system metrics thread
2022-02-20 22:10:36,437 DEBUG   SenderThread:67562 [sender.py:send():235] send: stats
2022-02-20 22:10:36,847 DEBUG   HandlerThread:67562 [handler.py:handle_request():131] handle_request: resume
2022-02-20 22:10:36,847 INFO    HandlerThread:67562 [handler.py:handle_request_resume():611] starting system metrics thread
2022-02-20 22:10:37,363 DEBUG   HandlerThread:67562 [handler.py:handle_request():131] handle_request: pause
2022-02-20 22:10:37,363 INFO    HandlerThread:67562 [handler.py:handle_request_pause():620] stopping system metrics thread
2022-02-20 22:10:37,366 DEBUG   SenderThread:67562 [sender.py:send():235] send: stats
2022-02-20 22:10:39,325 INFO    Thread-8  :67562 [dir_watcher.py:_on_file_modified():230] file/dir modified: /Users/den/my/fast/ml-env/notebooks/wandb/run-20220220_220213-2dahspcv/files/output.log
2022-02-20 22:10:45,558 DEBUG   HandlerThread:67562 [handler.py:handle_request():131] handle_request: stop_status
2022-02-20 22:10:45,559 DEBUG   SenderThread:67562 [sender.py:send_request():249] send_request: stop_status
2022-02-20 22:11:00,579 DEBUG   HandlerThread:67562 [handler.py:handle_request():131] handle_request: stop_status
2022-02-20 22:11:00,580 DEBUG   SenderThread:67562 [sender.py:send_request():249] send_request: stop_status
2022-02-20 22:11:15,601 DEBUG   HandlerThread:67562 [handler.py:handle_request():131] handle_request: stop_status
2022-02-20 22:11:15,602 DEBUG   SenderThread:67562 [sender.py:send_request():249] send_request: stop_status
2022-02-20 22:11:30,624 DEBUG   HandlerThread:67562 [handler.py:handle_request():131] handle_request: stop_status
2022-02-20 22:11:30,624 DEBUG   SenderThread:67562 [sender.py:send_request():249] send_request: stop_status
2022-02-20 22:11:45,641 DEBUG   HandlerThread:67562 [handler.py:handle_request():131] handle_request: stop_status
2022-02-20 22:11:45,641 DEBUG   SenderThread:67562 [sender.py:send_request():249] send_request: stop_status
2022-02-20 22:12:00,660 DEBUG   HandlerThread:67562 [handler.py:handle_request():131] handle_request: stop_status
2022-02-20 22:12:00,660 DEBUG   SenderThread:67562 [sender.py:send_request():249] send_request: stop_status
2022-02-20 22:12:09,238 DEBUG   HandlerThread:67562 [handler.py:handle_request():131] handle_request: resume
2022-02-20 22:12:09,239 INFO    HandlerThread:67562 [handler.py:handle_request_resume():611] starting system metrics thread
2022-02-20 22:12:09,775 DEBUG   HandlerThread:67562 [handler.py:handle_request():131] handle_request: pause
2022-02-20 22:12:09,775 INFO    HandlerThread:67562 [handler.py:handle_request_pause():620] stopping system metrics thread
2022-02-20 22:12:09,863 DEBUG   SenderThread:67562 [sender.py:send():235] send: stats
2022-02-20 22:12:11,596 INFO    Thread-8  :67562 [dir_watcher.py:_on_file_modified():230] file/dir modified: /Users/den/my/fast/ml-env/notebooks/wandb/run-20220220_220213-2dahspcv/files/output.log
2022-02-20 22:12:15,682 DEBUG   HandlerThread:67562 [handler.py:handle_request():131] handle_request: stop_status
2022-02-20 22:12:15,682 DEBUG   SenderThread:67562 [sender.py:send_request():249] send_request: stop_status
2022-02-20 22:12:30,704 DEBUG   HandlerThread:67562 [handler.py:handle_request():131] handle_request: stop_status
2022-02-20 22:12:30,705 DEBUG   SenderThread:67562 [sender.py:send_request():249] send_request: stop_status
2022-02-20 22:12:45,725 DEBUG   HandlerThread:67562 [handler.py:handle_request():131] handle_request: stop_status
2022-02-20 22:12:45,725 DEBUG   SenderThread:67562 [sender.py:send_request():249] send_request: stop_status
2022-02-20 22:13:00,747 DEBUG   HandlerThread:67562 [handler.py:handle_request():131] handle_request: stop_status
2022-02-20 22:13:00,747 DEBUG   SenderThread:67562 [sender.py:send_request():249] send_request: stop_status
2022-02-20 22:13:15,769 DEBUG   HandlerThread:67562 [handler.py:handle_request():131] handle_request: stop_status
2022-02-20 22:13:15,770 DEBUG   SenderThread:67562 [sender.py:send_request():249] send_request: stop_status
2022-02-20 22:13:30,790 DEBUG   HandlerThread:67562 [handler.py:handle_request():131] handle_request: stop_status
2022-02-20 22:13:30,793 DEBUG   SenderThread:67562 [sender.py:send_request():249] send_request: stop_status
2022-02-20 22:13:45,819 DEBUG   HandlerThread:67562 [handler.py:handle_request():131] handle_request: stop_status
2022-02-20 22:13:45,820 DEBUG   SenderThread:67562 [sender.py:send_request():249] send_request: stop_status
2022-02-20 22:14:00,845 DEBUG   HandlerThread:67562 [handler.py:handle_request():131] handle_request: stop_status
2022-02-20 22:14:00,845 DEBUG   SenderThread:67562 [sender.py:send_request():249] send_request: stop_status
2022-02-20 22:14:11,657 DEBUG   HandlerThread:67562 [handler.py:handle_request():131] handle_request: resume
2022-02-20 22:14:11,658 INFO    HandlerThread:67562 [handler.py:handle_request_resume():611] starting system metrics thread
2022-02-20 22:14:12,245 DEBUG   HandlerThread:67562 [handler.py:handle_request():131] handle_request: pause
2022-02-20 22:14:12,245 INFO    HandlerThread:67562 [handler.py:handle_request_pause():620] stopping system metrics thread
2022-02-20 22:14:12,275 DEBUG   SenderThread:67562 [sender.py:send():235] send: stats
2022-02-20 22:14:12,983 INFO    Thread-8  :67562 [dir_watcher.py:_on_file_modified():230] file/dir modified: /Users/den/my/fast/ml-env/notebooks/wandb/run-20220220_220213-2dahspcv/files/output.log
2022-02-20 22:14:15,896 DEBUG   HandlerThread:67562 [handler.py:handle_request():131] handle_request: stop_status
2022-02-20 22:14:15,896 DEBUG   SenderThread:67562 [sender.py:send_request():249] send_request: stop_status
2022-02-20 22:14:30,921 DEBUG   HandlerThread:67562 [handler.py:handle_request():131] handle_request: stop_status
2022-02-20 22:14:30,921 DEBUG   SenderThread:67562 [sender.py:send_request():249] send_request: stop_status
2022-02-20 22:14:45,936 DEBUG   HandlerThread:67562 [handler.py:handle_request():131] handle_request: stop_status
2022-02-20 22:14:45,937 DEBUG   SenderThread:67562 [sender.py:send_request():249] send_request: stop_status
2022-02-20 22:15:00,962 DEBUG   HandlerThread:67562 [handler.py:handle_request():131] handle_request: stop_status
2022-02-20 22:15:00,963 DEBUG   SenderThread:67562 [sender.py:send_request():249] send_request: stop_status
2022-02-20 22:15:15,984 DEBUG   HandlerThread:67562 [handler.py:handle_request():131] handle_request: stop_status
2022-02-20 22:15:15,987 DEBUG   SenderThread:67562 [sender.py:send_request():249] send_request: stop_status
2022-02-20 22:15:31,009 DEBUG   HandlerThread:67562 [handler.py:handle_request():131] handle_request: stop_status
2022-02-20 22:15:31,010 DEBUG   SenderThread:67562 [sender.py:send_request():249] send_request: stop_status
2022-02-20 22:15:46,036 DEBUG   HandlerThread:67562 [handler.py:handle_request():131] handle_request: stop_status
2022-02-20 22:15:46,037 DEBUG   SenderThread:67562 [sender.py:send_request():249] send_request: stop_status
2022-02-20 22:16:01,064 DEBUG   HandlerThread:67562 [handler.py:handle_request():131] handle_request: stop_status
2022-02-20 22:16:01,065 DEBUG   SenderThread:67562 [sender.py:send_request():249] send_request: stop_status
2022-02-20 22:16:16,084 DEBUG   HandlerThread:67562 [handler.py:handle_request():131] handle_request: stop_status
2022-02-20 22:16:16,084 DEBUG   SenderThread:67562 [sender.py:send_request():249] send_request: stop_status
2022-02-20 22:16:26,278 DEBUG   HandlerThread:67562 [handler.py:handle_request():131] handle_request: resume
2022-02-20 22:16:26,278 INFO    HandlerThread:67562 [handler.py:handle_request_resume():611] starting system metrics thread
2022-02-20 22:16:26,281 DEBUG   HandlerThread:67562 [handler.py:handle_request():131] handle_request: pause
2022-02-20 22:16:26,281 INFO    HandlerThread:67562 [handler.py:handle_request_pause():620] stopping system metrics thread
2022-02-20 22:16:26,384 DEBUG   SenderThread:67562 [sender.py:send():235] send: stats
2022-02-20 22:16:27,393 INFO    Thread-8  :67562 [dir_watcher.py:_on_file_modified():230] file/dir modified: /Users/den/my/fast/ml-env/notebooks/wandb/run-20220220_220213-2dahspcv/files/output.log
2022-02-20 22:16:29,539 DEBUG   HandlerThread:67562 [handler.py:handle_request():131] handle_request: resume
2022-02-20 22:16:29,539 INFO    HandlerThread:67562 [handler.py:handle_request_resume():611] starting system metrics thread
2022-02-20 22:16:30,120 DEBUG   HandlerThread:67562 [handler.py:handle_request():131] handle_request: pause
2022-02-20 22:16:30,120 INFO    HandlerThread:67562 [handler.py:handle_request_pause():620] stopping system metrics thread
2022-02-20 22:16:30,160 DEBUG   SenderThread:67562 [sender.py:send():235] send: stats
2022-02-20 22:16:31,105 DEBUG   HandlerThread:67562 [handler.py:handle_request():131] handle_request: stop_status
2022-02-20 22:16:31,105 DEBUG   SenderThread:67562 [sender.py:send_request():249] send_request: stop_status
2022-02-20 22:16:31,409 INFO    Thread-8  :67562 [dir_watcher.py:_on_file_modified():230] file/dir modified: /Users/den/my/fast/ml-env/notebooks/wandb/run-20220220_220213-2dahspcv/files/output.log
2022-02-20 22:16:46,129 DEBUG   HandlerThread:67562 [handler.py:handle_request():131] handle_request: stop_status
2022-02-20 22:16:46,129 DEBUG   SenderThread:67562 [sender.py:send_request():249] send_request: stop_status
2022-02-20 22:17:01,154 DEBUG   HandlerThread:67562 [handler.py:handle_request():131] handle_request: stop_status
2022-02-20 22:17:01,155 DEBUG   SenderThread:67562 [sender.py:send_request():249] send_request: stop_status
2022-02-20 22:17:16,170 DEBUG   HandlerThread:67562 [handler.py:handle_request():131] handle_request: stop_status
2022-02-20 22:17:16,171 DEBUG   SenderThread:67562 [sender.py:send_request():249] send_request: stop_status
2022-02-20 22:17:31,194 DEBUG   HandlerThread:67562 [handler.py:handle_request():131] handle_request: stop_status
2022-02-20 22:17:31,195 DEBUG   SenderThread:67562 [sender.py:send_request():249] send_request: stop_status
2022-02-20 22:17:39,548 DEBUG   HandlerThread:67562 [handler.py:handle_request():131] handle_request: resume
2022-02-20 22:17:39,548 INFO    HandlerThread:67562 [handler.py:handle_request_resume():611] starting system metrics thread
2022-02-20 22:17:39,551 DEBUG   HandlerThread:67562 [handler.py:handle_request():131] handle_request: pause
2022-02-20 22:17:39,551 INFO    HandlerThread:67562 [handler.py:handle_request_pause():620] stopping system metrics thread
2022-02-20 22:17:39,651 DEBUG   SenderThread:67562 [sender.py:send():235] send: stats
2022-02-20 22:17:40,658 DEBUG   HandlerThread:67562 [handler.py:handle_request():131] handle_request: resume
2022-02-20 22:17:40,658 INFO    HandlerThread:67562 [handler.py:handle_request_resume():611] starting system metrics thread
2022-02-20 22:17:41,621 INFO    Thread-8  :67562 [dir_watcher.py:_on_file_modified():230] file/dir modified: /Users/den/my/fast/ml-env/notebooks/wandb/run-20220220_220213-2dahspcv/files/output.log
2022-02-20 22:17:41,896 DEBUG   HandlerThread:67562 [handler.py:handle_request():131] handle_request: pause
2022-02-20 22:17:41,896 INFO    HandlerThread:67562 [handler.py:handle_request_pause():620] stopping system metrics thread
2022-02-20 22:17:41,897 DEBUG   SenderThread:67562 [sender.py:send():235] send: stats
2022-02-20 22:17:43,571 DEBUG   HandlerThread:67562 [handler.py:handle_request():131] handle_request: resume
2022-02-20 22:17:43,571 INFO    HandlerThread:67562 [handler.py:handle_request_resume():611] starting system metrics thread
2022-02-20 22:17:43,631 INFO    Thread-8  :67562 [dir_watcher.py:_on_file_modified():230] file/dir modified: /Users/den/my/fast/ml-env/notebooks/wandb/run-20220220_220213-2dahspcv/files/output.log
2022-02-20 22:17:43,819 DEBUG   HandlerThread:67562 [handler.py:handle_request():131] handle_request: pause
2022-02-20 22:17:43,819 INFO    HandlerThread:67562 [handler.py:handle_request_pause():620] stopping system metrics thread
2022-02-20 22:17:43,882 DEBUG   SenderThread:67562 [sender.py:send():235] send: stats
2022-02-20 22:17:45,638 INFO    Thread-8  :67562 [dir_watcher.py:_on_file_modified():230] file/dir modified: /Users/den/my/fast/ml-env/notebooks/wandb/run-20220220_220213-2dahspcv/files/output.log
2022-02-20 22:17:46,219 DEBUG   HandlerThread:67562 [handler.py:handle_request():131] handle_request: stop_status
2022-02-20 22:17:46,219 DEBUG   SenderThread:67562 [sender.py:send_request():249] send_request: stop_status
2022-02-20 22:18:01,243 DEBUG   HandlerThread:67562 [handler.py:handle_request():131] handle_request: stop_status
2022-02-20 22:18:01,245 DEBUG   SenderThread:67562 [sender.py:send_request():249] send_request: stop_status
2022-02-20 22:18:10,494 DEBUG   HandlerThread:67562 [handler.py:handle_request():131] handle_request: resume
2022-02-20 22:18:10,494 INFO    HandlerThread:67562 [handler.py:handle_request_resume():611] starting system metrics thread
2022-02-20 22:18:11,684 DEBUG   HandlerThread:67562 [handler.py:handle_request():131] handle_request: pause
2022-02-20 22:18:11,684 INFO    HandlerThread:67562 [handler.py:handle_request_pause():620] stopping system metrics thread
2022-02-20 22:18:11,727 DEBUG   SenderThread:67562 [sender.py:send():235] send: stats
2022-02-20 22:18:13,726 INFO    Thread-8  :67562 [dir_watcher.py:_on_file_modified():230] file/dir modified: /Users/den/my/fast/ml-env/notebooks/wandb/run-20220220_220213-2dahspcv/files/output.log
2022-02-20 22:18:16,261 DEBUG   HandlerThread:67562 [handler.py:handle_request():131] handle_request: stop_status
2022-02-20 22:18:16,262 DEBUG   SenderThread:67562 [sender.py:send_request():249] send_request: stop_status
2022-02-20 22:18:21,080 DEBUG   HandlerThread:67562 [handler.py:handle_request():131] handle_request: resume
2022-02-20 22:18:21,080 INFO    HandlerThread:67562 [handler.py:handle_request_resume():611] starting system metrics thread
2022-02-20 22:18:21,295 DEBUG   HandlerThread:67562 [handler.py:handle_request():131] handle_request: pause
2022-02-20 22:18:21,295 INFO    HandlerThread:67562 [handler.py:handle_request_pause():620] stopping system metrics thread
2022-02-20 22:18:21,391 DEBUG   SenderThread:67562 [sender.py:send():235] send: stats
2022-02-20 22:18:23,761 INFO    Thread-8  :67562 [dir_watcher.py:_on_file_modified():230] file/dir modified: /Users/den/my/fast/ml-env/notebooks/wandb/run-20220220_220213-2dahspcv/files/output.log
2022-02-20 22:18:31,284 DEBUG   HandlerThread:67562 [handler.py:handle_request():131] handle_request: stop_status
2022-02-20 22:18:31,284 DEBUG   SenderThread:67562 [sender.py:send_request():249] send_request: stop_status
2022-02-20 22:18:46,303 DEBUG   HandlerThread:67562 [handler.py:handle_request():131] handle_request: stop_status
2022-02-20 22:18:46,303 DEBUG   SenderThread:67562 [sender.py:send_request():249] send_request: stop_status
2022-02-20 22:18:52,784 DEBUG   HandlerThread:67562 [handler.py:handle_request():131] handle_request: resume
2022-02-20 22:18:52,785 INFO    HandlerThread:67562 [handler.py:handle_request_resume():611] starting system metrics thread
2022-02-20 22:18:52,785 DEBUG   HandlerThread:67562 [handler.py:handle_request():131] handle_request: pause
2022-02-20 22:18:52,786 INFO    HandlerThread:67562 [handler.py:handle_request_pause():620] stopping system metrics thread
2022-02-20 22:18:52,889 DEBUG   SenderThread:67562 [sender.py:send():235] send: stats
2022-02-20 22:18:53,865 INFO    Thread-8  :67562 [dir_watcher.py:_on_file_modified():230] file/dir modified: /Users/den/my/fast/ml-env/notebooks/wandb/run-20220220_220213-2dahspcv/files/output.log
2022-02-20 22:18:54,509 DEBUG   HandlerThread:67562 [handler.py:handle_request():131] handle_request: resume
2022-02-20 22:18:54,509 INFO    HandlerThread:67562 [handler.py:handle_request_resume():611] starting system metrics thread
2022-02-20 22:18:54,587 DEBUG   HandlerThread:67562 [handler.py:handle_request():131] handle_request: pause
2022-02-20 22:18:54,587 INFO    HandlerThread:67562 [handler.py:handle_request_pause():620] stopping system metrics thread
2022-02-20 22:18:54,613 DEBUG   SenderThread:67562 [sender.py:send():235] send: stats
2022-02-20 22:18:56,873 INFO    Thread-8  :67562 [dir_watcher.py:_on_file_modified():230] file/dir modified: /Users/den/my/fast/ml-env/notebooks/wandb/run-20220220_220213-2dahspcv/files/output.log
2022-02-20 22:19:01,323 DEBUG   HandlerThread:67562 [handler.py:handle_request():131] handle_request: stop_status
2022-02-20 22:19:01,323 DEBUG   SenderThread:67562 [sender.py:send_request():249] send_request: stop_status
2022-02-20 22:19:15,119 DEBUG   HandlerThread:67562 [handler.py:handle_request():131] handle_request: resume
2022-02-20 22:19:15,119 INFO    HandlerThread:67562 [handler.py:handle_request_resume():611] starting system metrics thread
2022-02-20 22:19:15,161 DEBUG   HandlerThread:67562 [handler.py:handle_request():131] handle_request: pause
2022-02-20 22:19:15,161 INFO    HandlerThread:67562 [handler.py:handle_request_pause():620] stopping system metrics thread
2022-02-20 22:19:15,220 DEBUG   SenderThread:67562 [sender.py:send():235] send: stats
2022-02-20 22:19:16,030 DEBUG   HandlerThread:67562 [handler.py:handle_request():131] handle_request: resume
2022-02-20 22:19:16,030 INFO    HandlerThread:67562 [handler.py:handle_request_resume():611] starting system metrics thread
2022-02-20 22:19:16,059 DEBUG   HandlerThread:67562 [handler.py:handle_request():131] handle_request: log_artifact
2022-02-20 22:19:16,060 DEBUG   SenderThread:67562 [sender.py:send_request():249] send_request: log_artifact
2022-02-20 22:19:16,269 INFO    Thread-42 :67562 [upload_job.py:push():92] Skipped uploading /Users/den/.cache/wandb/artifacts/obj/md5/72/c949b9b7a8ab952b5a1ab0dec05eab
2022-02-20 22:19:16,426 INFO    SenderThread:67562 [sender.py:send_request_log_artifact():973] logged artifact vehicle_defaults_processed - {'id': 'QXJ0aWZhY3Q6Mg==', 'digest': '9a8e6e785876a00462387ce05d5c19d6', 'state': 'PENDING', 'aliases': [], 'artifactSequence': {'id': 'QXJ0aWZhY3RDb2xsZWN0aW9uOjE=', 'latestArtifact': {'id': 'QXJ0aWZhY3Q6MQ==', 'versionIndex': 0}}, 'version': 'latest'}
2022-02-20 22:19:16,426 DEBUG   SenderThread:67562 [sender.py:send():235] send: config
2022-02-20 22:19:16,770 DEBUG   HandlerThread:67562 [handler.py:handle_request():131] handle_request: poll_exit
2022-02-20 22:19:16,770 DEBUG   SenderThread:67562 [sender.py:send():235] send: telemetry
2022-02-20 22:19:16,770 DEBUG   SenderThread:67562 [sender.py:send():235] send: exit
2022-02-20 22:19:16,770 INFO    SenderThread:67562 [sender.py:send_exit():371] handling exit code: 0
2022-02-20 22:19:16,771 INFO    SenderThread:67562 [sender.py:send_exit():373] handling runtime: 10
2022-02-20 22:19:16,772 INFO    SenderThread:67562 [sender.py:_save_file():944] saving file wandb-summary.json with policy end
2022-02-20 22:19:16,772 INFO    SenderThread:67562 [sender.py:send_exit():379] send defer
2022-02-20 22:19:16,773 DEBUG   SenderThread:67562 [sender.py:send_request():249] send_request: poll_exit
2022-02-20 22:19:16,773 DEBUG   HandlerThread:67562 [handler.py:handle_request():131] handle_request: defer
2022-02-20 22:19:16,773 INFO    HandlerThread:67562 [handler.py:handle_request_defer():154] handle defer: 0
2022-02-20 22:19:16,773 DEBUG   SenderThread:67562 [sender.py:send_request():249] send_request: defer
2022-02-20 22:19:16,773 INFO    SenderThread:67562 [sender.py:send_request_defer():388] handle sender defer: 0
2022-02-20 22:19:16,773 INFO    SenderThread:67562 [sender.py:transition_state():392] send defer: 1
2022-02-20 22:19:16,774 DEBUG   HandlerThread:67562 [handler.py:handle_request():131] handle_request: defer
2022-02-20 22:19:16,774 INFO    HandlerThread:67562 [handler.py:handle_request_defer():154] handle defer: 1
2022-02-20 22:19:16,849 DEBUG   SenderThread:67562 [sender.py:send_request():249] send_request: defer
2022-02-20 22:19:16,849 INFO    SenderThread:67562 [sender.py:send_request_defer():388] handle sender defer: 1
2022-02-20 22:19:16,849 INFO    SenderThread:67562 [sender.py:transition_state():392] send defer: 2
2022-02-20 22:19:16,849 DEBUG   SenderThread:67562 [sender.py:send():235] send: stats
2022-02-20 22:19:16,849 DEBUG   HandlerThread:67562 [handler.py:handle_request():131] handle_request: defer
2022-02-20 22:19:16,850 INFO    HandlerThread:67562 [handler.py:handle_request_defer():154] handle defer: 2
2022-02-20 22:19:16,850 DEBUG   SenderThread:67562 [sender.py:send_request():249] send_request: defer
2022-02-20 22:19:16,850 INFO    SenderThread:67562 [sender.py:send_request_defer():388] handle sender defer: 2
2022-02-20 22:19:16,850 INFO    SenderThread:67562 [sender.py:transition_state():392] send defer: 3
2022-02-20 22:19:16,850 DEBUG   HandlerThread:67562 [handler.py:handle_request():131] handle_request: defer
2022-02-20 22:19:16,850 INFO    HandlerThread:67562 [handler.py:handle_request_defer():154] handle defer: 3
2022-02-20 22:19:16,850 DEBUG   SenderThread:67562 [sender.py:send():235] send: summary
2022-02-20 22:19:16,851 INFO    SenderThread:67562 [sender.py:_save_file():944] saving file wandb-summary.json with policy end
2022-02-20 22:19:16,851 DEBUG   SenderThread:67562 [sender.py:send_request():249] send_request: defer
2022-02-20 22:19:16,851 INFO    SenderThread:67562 [sender.py:send_request_defer():388] handle sender defer: 3
2022-02-20 22:19:16,851 INFO    SenderThread:67562 [sender.py:transition_state():392] send defer: 4
2022-02-20 22:19:16,851 DEBUG   HandlerThread:67562 [handler.py:handle_request():131] handle_request: defer
2022-02-20 22:19:16,851 INFO    HandlerThread:67562 [handler.py:handle_request_defer():154] handle defer: 4
2022-02-20 22:19:16,851 DEBUG   SenderThread:67562 [sender.py:send_request():249] send_request: defer
2022-02-20 22:19:16,851 INFO    SenderThread:67562 [sender.py:send_request_defer():388] handle sender defer: 4
2022-02-20 22:19:16,878 INFO    SenderThread:67562 [sender.py:transition_state():392] send defer: 5
2022-02-20 22:19:16,878 DEBUG   HandlerThread:67562 [handler.py:handle_request():131] handle_request: defer
2022-02-20 22:19:16,878 INFO    HandlerThread:67562 [handler.py:handle_request_defer():154] handle defer: 5
2022-02-20 22:19:16,878 DEBUG   SenderThread:67562 [sender.py:send_request():249] send_request: defer
2022-02-20 22:19:16,879 INFO    SenderThread:67562 [sender.py:send_request_defer():388] handle sender defer: 5
2022-02-20 22:19:16,879 INFO    SenderThread:67562 [dir_watcher.py:finish():283] shutting down directory watcher
2022-02-20 22:19:16,881 DEBUG   HandlerThread:67562 [handler.py:handle_request():131] handle_request: poll_exit
2022-02-20 22:19:16,921 INFO    SenderThread:67562 [dir_watcher.py:_on_file_modified():230] file/dir modified: /Users/den/my/fast/ml-env/notebooks/wandb/run-20220220_220213-2dahspcv/files/config.yaml
2022-02-20 22:19:16,921 INFO    SenderThread:67562 [dir_watcher.py:_on_file_modified():230] file/dir modified: /Users/den/my/fast/ml-env/notebooks/wandb/run-20220220_220213-2dahspcv/files/wandb-summary.json
2022-02-20 22:19:16,922 INFO    SenderThread:67562 [dir_watcher.py:_on_file_modified():230] file/dir modified: /Users/den/my/fast/ml-env/notebooks/wandb/run-20220220_220213-2dahspcv/files/output.log
2022-02-20 22:19:16,922 INFO    SenderThread:67562 [dir_watcher.py:_on_file_created():217] file/dir created: /Users/den/my/fast/ml-env/notebooks/wandb/run-20220220_220213-2dahspcv/files/code/_session_history.ipynb
2022-02-20 22:19:16,922 INFO    SenderThread:67562 [dir_watcher.py:_on_file_created():217] file/dir created: /Users/den/my/fast/ml-env/notebooks/wandb/run-20220220_220213-2dahspcv/files/code
2022-02-20 22:19:16,922 INFO    SenderThread:67562 [dir_watcher.py:finish():313] scan: /Users/den/my/fast/ml-env/notebooks/wandb/run-20220220_220213-2dahspcv/files
2022-02-20 22:19:16,922 INFO    SenderThread:67562 [dir_watcher.py:finish():327] scan save: /Users/den/my/fast/ml-env/notebooks/wandb/run-20220220_220213-2dahspcv/files/diff.patch diff.patch
2022-02-20 22:19:16,922 INFO    SenderThread:67562 [dir_watcher.py:finish():327] scan save: /Users/den/my/fast/ml-env/notebooks/wandb/run-20220220_220213-2dahspcv/files/requirements.txt requirements.txt
2022-02-20 22:19:16,923 INFO    SenderThread:67562 [dir_watcher.py:finish():327] scan save: /Users/den/my/fast/ml-env/notebooks/wandb/run-20220220_220213-2dahspcv/files/output.log output.log
2022-02-20 22:19:16,923 INFO    SenderThread:67562 [dir_watcher.py:finish():327] scan save: /Users/den/my/fast/ml-env/notebooks/wandb/run-20220220_220213-2dahspcv/files/config.yaml config.yaml
2022-02-20 22:19:16,925 INFO    SenderThread:67562 [dir_watcher.py:finish():327] scan save: /Users/den/my/fast/ml-env/notebooks/wandb/run-20220220_220213-2dahspcv/files/wandb-summary.json wandb-summary.json
2022-02-20 22:19:16,930 INFO    SenderThread:67562 [dir_watcher.py:finish():327] scan save: /Users/den/my/fast/ml-env/notebooks/wandb/run-20220220_220213-2dahspcv/files/wandb-metadata.json wandb-metadata.json
2022-02-20 22:19:16,934 INFO    SenderThread:67562 [dir_watcher.py:finish():327] scan save: /Users/den/my/fast/ml-env/notebooks/wandb/run-20220220_220213-2dahspcv/files/code/_session_history.ipynb code/_session_history.ipynb
2022-02-20 22:19:16,935 INFO    SenderThread:67562 [sender.py:transition_state():392] send defer: 6
2022-02-20 22:19:16,935 DEBUG   SenderThread:67562 [sender.py:send_request():249] send_request: poll_exit
2022-02-20 22:19:16,936 DEBUG   HandlerThread:67562 [handler.py:handle_request():131] handle_request: defer
2022-02-20 22:19:16,936 INFO    HandlerThread:67562 [handler.py:handle_request_defer():154] handle defer: 6
2022-02-20 22:19:16,938 DEBUG   SenderThread:67562 [sender.py:send_request():249] send_request: defer
2022-02-20 22:19:16,938 INFO    SenderThread:67562 [sender.py:send_request_defer():388] handle sender defer: 6
2022-02-20 22:19:16,938 INFO    SenderThread:67562 [file_pusher.py:finish():177] shutting down file pusher
2022-02-20 22:19:17,026 INFO    Thread-45 :67562 [upload_job.py:push():137] Uploaded file /Users/den/my/fast/ml-env/notebooks/wandb/run-20220220_220213-2dahspcv/files/config.yaml
2022-02-20 22:19:17,036 INFO    Thread-43 :67562 [upload_job.py:push():137] Uploaded file /Users/den/my/fast/ml-env/notebooks/wandb/run-20220220_220213-2dahspcv/files/requirements.txt
2022-02-20 22:19:17,038 DEBUG   HandlerThread:67562 [handler.py:handle_request():131] handle_request: poll_exit
2022-02-20 22:19:17,038 DEBUG   SenderThread:67562 [sender.py:send_request():249] send_request: poll_exit
2022-02-20 22:19:17,040 INFO    Thread-46 :67562 [upload_job.py:push():137] Uploaded file /Users/den/my/fast/ml-env/notebooks/wandb/run-20220220_220213-2dahspcv/files/wandb-summary.json
2022-02-20 22:19:17,053 INFO    Thread-47 :67562 [upload_job.py:push():137] Uploaded file /Users/den/my/fast/ml-env/notebooks/wandb/run-20220220_220213-2dahspcv/files/code/_session_history.ipynb
2022-02-20 22:19:17,080 INFO    Thread-44 :67562 [upload_job.py:push():137] Uploaded file /Users/den/my/fast/ml-env/notebooks/wandb/run-20220220_220213-2dahspcv/files/output.log
2022-02-20 22:19:17,142 DEBUG   HandlerThread:67562 [handler.py:handle_request():131] handle_request: poll_exit
2022-02-20 22:19:17,142 DEBUG   SenderThread:67562 [sender.py:send_request():249] send_request: poll_exit
2022-02-20 22:19:17,248 DEBUG   HandlerThread:67562 [handler.py:handle_request():131] handle_request: poll_exit
2022-02-20 22:19:17,248 DEBUG   SenderThread:67562 [sender.py:send_request():249] send_request: poll_exit
2022-02-20 22:19:17,282 INFO    Thread-7  :67562 [sender.py:transition_state():392] send defer: 7
2022-02-20 22:19:17,282 DEBUG   HandlerThread:67562 [handler.py:handle_request():131] handle_request: defer
2022-02-20 22:19:17,283 INFO    HandlerThread:67562 [handler.py:handle_request_defer():154] handle defer: 7
2022-02-20 22:19:17,283 DEBUG   SenderThread:67562 [sender.py:send_request():249] send_request: defer
2022-02-20 22:19:17,283 INFO    SenderThread:67562 [sender.py:send_request_defer():388] handle sender defer: 7
2022-02-20 22:19:17,353 DEBUG   HandlerThread:67562 [handler.py:handle_request():131] handle_request: poll_exit
2022-02-20 22:19:17,383 INFO    SenderThread:67562 [sender.py:transition_state():392] send defer: 8
2022-02-20 22:19:17,383 DEBUG   SenderThread:67562 [sender.py:send_request():249] send_request: poll_exit
2022-02-20 22:19:17,384 DEBUG   HandlerThread:67562 [handler.py:handle_request():131] handle_request: defer
2022-02-20 22:19:17,384 INFO    HandlerThread:67562 [handler.py:handle_request_defer():154] handle defer: 8
2022-02-20 22:19:17,384 DEBUG   SenderThread:67562 [sender.py:send_request():249] send_request: defer
2022-02-20 22:19:17,384 INFO    SenderThread:67562 [sender.py:send_request_defer():388] handle sender defer: 8
2022-02-20 22:19:17,384 INFO    SenderThread:67562 [sender.py:transition_state():392] send defer: 9
2022-02-20 22:19:17,384 DEBUG   SenderThread:67562 [sender.py:send():235] send: final
2022-02-20 22:19:17,385 DEBUG   SenderThread:67562 [sender.py:send():235] send: footer
2022-02-20 22:19:17,385 DEBUG   HandlerThread:67562 [handler.py:handle_request():131] handle_request: defer
2022-02-20 22:19:17,385 INFO    HandlerThread:67562 [handler.py:handle_request_defer():154] handle defer: 9
2022-02-20 22:19:17,385 DEBUG   SenderThread:67562 [sender.py:send_request():249] send_request: defer
2022-02-20 22:19:17,385 INFO    SenderThread:67562 [sender.py:send_request_defer():388] handle sender defer: 9
2022-02-20 22:19:17,489 DEBUG   HandlerThread:67562 [handler.py:handle_request():131] handle_request: poll_exit
2022-02-20 22:19:17,489 DEBUG   SenderThread:67562 [sender.py:send_request():249] send_request: poll_exit
2022-02-20 22:19:17,489 INFO    SenderThread:67562 [file_pusher.py:join():182] waiting for file pusher
2022-02-20 22:19:17,502 DEBUG   HandlerThread:67562 [handler.py:handle_request():131] handle_request: get_summary
2022-02-20 22:19:17,503 DEBUG   HandlerThread:67562 [handler.py:handle_request():131] handle_request: sampled_history
2022-02-20 22:19:17,503 DEBUG   HandlerThread:67562 [handler.py:handle_request():131] handle_request: shutdown
2022-02-20 22:19:17,503 INFO    HandlerThread:67562 [handler.py:finish():739] shutting down handler
2022-02-20 22:19:18,385 INFO    WriterThread:67562 [datastore.py:close():281] close: /Users/den/my/fast/ml-env/notebooks/wandb/run-20220220_220213-2dahspcv/run-2dahspcv.wandb
2022-02-20 22:19:18,504 INFO    SenderThread:67562 [sender.py:finish():1075] shutting down sender
2022-02-20 22:19:18,504 INFO    SenderThread:67562 [file_pusher.py:finish():177] shutting down file pusher
2022-02-20 22:19:18,505 INFO    SenderThread:67562 [file_pusher.py:join():182] waiting for file pusher
2022-02-20 22:19:18,507 INFO    MainThread:67562 [internal.py:handle_exit():79] Internal process exited
