2022-02-20 21:06:49,302 INFO    MainThread:62587 [internal.py:wandb_internal():89] W&B internal server running at pid: 62587, started at: 2022-02-20 21:06:49.301760
2022-02-20 21:06:49,304 INFO    WriterThread:62587 [datastore.py:open_for_write():77] open: /Users/den/my/fast/ml-env/notebooks/wandb/run-20220220_210647-2hfyee43/run-2hfyee43.wandb
2022-02-20 21:06:49,304 DEBUG   HandlerThread:62587 [handler.py:handle_request():131] handle_request: check_version
2022-02-20 21:06:49,307 DEBUG   SenderThread:62587 [sender.py:send():235] send: header
2022-02-20 21:06:49,307 DEBUG   SenderThread:62587 [sender.py:send_request():249] send_request: check_version
2022-02-20 21:06:49,571 DEBUG   SenderThread:62587 [sender.py:send():235] send: run
2022-02-20 21:06:49,610 INFO    SenderThread:62587 [dir_watcher.py:__init__():169] watching files in: /Users/den/my/fast/ml-env/notebooks/wandb/run-20220220_210647-2hfyee43/files
2022-02-20 21:06:49,610 INFO    SenderThread:62587 [sender.py:_start_run_threads():809] run started: 2hfyee43 with start time 1645380408
2022-02-20 21:06:49,612 DEBUG   SenderThread:62587 [sender.py:send():235] send: summary
2022-02-20 21:06:49,612 INFO    SenderThread:62587 [sender.py:_save_file():944] saving file wandb-summary.json with policy end
2022-02-20 21:06:49,615 DEBUG   HandlerThread:62587 [handler.py:handle_request():131] handle_request: run_start
2022-02-20 21:06:49,616 DEBUG   HandlerThread:62587 [meta.py:__init__():36] meta init
2022-02-20 21:06:49,616 DEBUG   HandlerThread:62587 [meta.py:__init__():50] meta init done
2022-02-20 21:06:49,616 DEBUG   HandlerThread:62587 [meta.py:probe():210] probe
2022-02-20 21:06:49,621 DEBUG   HandlerThread:62587 [meta.py:_setup_git():200] setup git
2022-02-20 21:06:49,649 DEBUG   HandlerThread:62587 [meta.py:_setup_git():207] setup git done
2022-02-20 21:06:49,649 DEBUG   HandlerThread:62587 [meta.py:_save_code():88] save code
2022-02-20 21:06:49,649 WARNING HandlerThread:62587 [meta.py:_save_code():90] unable to save code -- program entry not found
2022-02-20 21:06:49,649 DEBUG   HandlerThread:62587 [meta.py:_save_patches():126] save patches
2022-02-20 21:06:49,708 DEBUG   HandlerThread:62587 [meta.py:_save_patches():168] save patches done
2022-02-20 21:06:49,708 DEBUG   HandlerThread:62587 [meta.py:_save_pip():54] save pip
2022-02-20 21:06:49,709 DEBUG   HandlerThread:62587 [meta.py:_save_pip():68] save pip done
2022-02-20 21:06:49,709 DEBUG   HandlerThread:62587 [meta.py:probe():248] probe done
2022-02-20 21:06:49,714 DEBUG   SenderThread:62587 [sender.py:send():235] send: files
2022-02-20 21:06:49,714 INFO    SenderThread:62587 [sender.py:_save_file():944] saving file wandb-metadata.json with policy now
2022-02-20 21:06:49,721 DEBUG   HandlerThread:62587 [handler.py:handle_request():131] handle_request: stop_status
2022-02-20 21:06:49,721 DEBUG   SenderThread:62587 [sender.py:send_request():249] send_request: stop_status
2022-02-20 21:06:49,726 DEBUG   HandlerThread:62587 [handler.py:handle_request():131] handle_request: pause
2022-02-20 21:06:49,726 INFO    HandlerThread:62587 [handler.py:handle_request_pause():620] stopping system metrics thread
2022-02-20 21:06:49,737 DEBUG   SenderThread:62587 [sender.py:send():235] send: stats
2022-02-20 21:06:49,774 INFO    Thread-11 :62587 [upload_job.py:push():137] Uploaded file /var/folders/qj/dzmgfs4103qd2st0jmk77psm0000gn/T/tmpszsfcx_wwandb/2rg8kta8-wandb-metadata.json
2022-02-20 21:06:50,366 DEBUG   HandlerThread:62587 [handler.py:handle_request():131] handle_request: resume
2022-02-20 21:06:50,367 INFO    HandlerThread:62587 [handler.py:handle_request_resume():611] starting system metrics thread
2022-02-20 21:06:50,367 DEBUG   HandlerThread:62587 [handler.py:handle_request():131] handle_request: pause
2022-02-20 21:06:50,367 INFO    HandlerThread:62587 [handler.py:handle_request_pause():620] stopping system metrics thread
2022-02-20 21:06:50,471 DEBUG   SenderThread:62587 [sender.py:send():235] send: stats
2022-02-20 21:06:50,618 INFO    Thread-8  :62587 [dir_watcher.py:_on_file_created():217] file/dir created: /Users/den/my/fast/ml-env/notebooks/wandb/run-20220220_210647-2hfyee43/files/output.log
2022-02-20 21:06:50,619 INFO    Thread-8  :62587 [dir_watcher.py:_on_file_created():217] file/dir created: /Users/den/my/fast/ml-env/notebooks/wandb/run-20220220_210647-2hfyee43/files/wandb-metadata.json
2022-02-20 21:06:50,619 INFO    Thread-8  :62587 [dir_watcher.py:_on_file_created():217] file/dir created: /Users/den/my/fast/ml-env/notebooks/wandb/run-20220220_210647-2hfyee43/files/wandb-summary.json
2022-02-20 21:06:50,619 INFO    Thread-8  :62587 [dir_watcher.py:_on_file_created():217] file/dir created: /Users/den/my/fast/ml-env/notebooks/wandb/run-20220220_210647-2hfyee43/files/requirements.txt
2022-02-20 21:06:51,317 DEBUG   HandlerThread:62587 [handler.py:handle_request():131] handle_request: resume
2022-02-20 21:06:51,317 INFO    HandlerThread:62587 [handler.py:handle_request_resume():611] starting system metrics thread
2022-02-20 21:06:51,497 DEBUG   HandlerThread:62587 [handler.py:handle_request():131] handle_request: pause
2022-02-20 21:06:51,497 INFO    HandlerThread:62587 [handler.py:handle_request_pause():620] stopping system metrics thread
2022-02-20 21:06:51,525 DEBUG   SenderThread:62587 [sender.py:send():235] send: stats
2022-02-20 21:06:52,464 DEBUG   HandlerThread:62587 [handler.py:handle_request():131] handle_request: resume
2022-02-20 21:06:52,464 INFO    HandlerThread:62587 [handler.py:handle_request_resume():611] starting system metrics thread
2022-02-20 21:06:52,544 DEBUG   HandlerThread:62587 [handler.py:handle_request():131] handle_request: pause
2022-02-20 21:06:52,545 INFO    HandlerThread:62587 [handler.py:handle_request_pause():620] stopping system metrics thread
2022-02-20 21:06:52,569 DEBUG   SenderThread:62587 [sender.py:send():235] send: stats
2022-02-20 21:06:52,619 INFO    Thread-8  :62587 [dir_watcher.py:_on_file_modified():230] file/dir modified: /Users/den/my/fast/ml-env/notebooks/wandb/run-20220220_210647-2hfyee43/files/output.log
2022-02-20 21:06:53,037 DEBUG   HandlerThread:62587 [handler.py:handle_request():131] handle_request: resume
2022-02-20 21:06:53,037 INFO    HandlerThread:62587 [handler.py:handle_request_resume():611] starting system metrics thread
2022-02-20 21:06:54,626 INFO    Thread-8  :62587 [dir_watcher.py:_on_file_modified():230] file/dir modified: /Users/den/my/fast/ml-env/notebooks/wandb/run-20220220_210647-2hfyee43/files/output.log
2022-02-20 21:06:55,187 DEBUG   HandlerThread:62587 [handler.py:handle_request():131] handle_request: pause
2022-02-20 21:06:55,187 INFO    HandlerThread:62587 [handler.py:handle_request_pause():620] stopping system metrics thread
2022-02-20 21:06:55,291 DEBUG   HandlerThread:62587 [handler.py:handle_request():131] handle_request: resume
2022-02-20 21:06:55,291 INFO    HandlerThread:62587 [handler.py:handle_request_resume():611] starting system metrics thread
2022-02-20 21:06:55,292 DEBUG   HandlerThread:62587 [handler.py:handle_request():131] handle_request: pause
2022-02-20 21:06:55,292 INFO    HandlerThread:62587 [handler.py:handle_request_pause():620] stopping system metrics thread
2022-02-20 21:06:55,397 DEBUG   HandlerThread:62587 [handler.py:handle_request():131] handle_request: resume
2022-02-20 21:06:55,397 INFO    HandlerThread:62587 [handler.py:handle_request_resume():611] starting system metrics thread
2022-02-20 21:06:55,398 DEBUG   HandlerThread:62587 [handler.py:handle_request():131] handle_request: pause
2022-02-20 21:06:55,398 INFO    HandlerThread:62587 [handler.py:handle_request_pause():620] stopping system metrics thread
2022-02-20 21:06:55,500 DEBUG   SenderThread:62587 [sender.py:send():235] send: stats
2022-02-20 21:06:55,501 DEBUG   SenderThread:62587 [sender.py:send():235] send: stats
2022-02-20 21:06:55,501 DEBUG   SenderThread:62587 [sender.py:send():235] send: stats
2022-02-20 21:06:56,633 INFO    Thread-8  :62587 [dir_watcher.py:_on_file_modified():230] file/dir modified: /Users/den/my/fast/ml-env/notebooks/wandb/run-20220220_210647-2hfyee43/files/output.log
2022-02-20 21:06:57,298 DEBUG   HandlerThread:62587 [handler.py:handle_request():131] handle_request: resume
2022-02-20 21:06:57,298 INFO    HandlerThread:62587 [handler.py:handle_request_resume():611] starting system metrics thread
2022-02-20 21:06:57,324 DEBUG   HandlerThread:62587 [handler.py:handle_request():131] handle_request: log_artifact
2022-02-20 21:06:57,324 DEBUG   SenderThread:62587 [sender.py:send_request():249] send_request: log_artifact
2022-02-20 21:06:57,391 INFO    SenderThread:62587 [sender.py:send_request_log_artifact():973] logged artifact vehicle_defaults_processed - {'id': 'QXJ0aWZhY3Q6MQ==', 'digest': '2c6e1b72f30cd870de51b2382a2a53b5', 'state': 'COMMITTED', 'aliases': [{'artifactCollectionName': 'vehicle_defaults_processed', 'alias': 'latest'}, {'artifactCollectionName': 'vehicle_defaults_processed', 'alias': 'v0'}], 'artifactSequence': {'id': 'QXJ0aWZhY3RDb2xsZWN0aW9uOjE=', 'latestArtifact': {'id': 'QXJ0aWZhY3Q6MQ==', 'versionIndex': 0}}, 'version': 'v0'}
2022-02-20 21:06:57,391 DEBUG   SenderThread:62587 [sender.py:send():235] send: config
2022-02-20 21:06:57,637 INFO    Thread-8  :62587 [dir_watcher.py:_on_file_created():217] file/dir created: /Users/den/my/fast/ml-env/notebooks/wandb/run-20220220_210647-2hfyee43/files/code/_session_history.ipynb
2022-02-20 21:06:57,638 INFO    Thread-8  :62587 [dir_watcher.py:_on_file_created():217] file/dir created: /Users/den/my/fast/ml-env/notebooks/wandb/run-20220220_210647-2hfyee43/files/code
2022-02-20 21:06:58,374 DEBUG   HandlerThread:62587 [handler.py:handle_request():131] handle_request: poll_exit
2022-02-20 21:06:58,374 DEBUG   SenderThread:62587 [sender.py:send():235] send: telemetry
2022-02-20 21:06:58,374 DEBUG   SenderThread:62587 [sender.py:send():235] send: exit
2022-02-20 21:06:58,374 INFO    SenderThread:62587 [sender.py:send_exit():371] handling exit code: 0
2022-02-20 21:06:58,374 INFO    SenderThread:62587 [sender.py:send_exit():373] handling runtime: 4
2022-02-20 21:06:58,375 INFO    SenderThread:62587 [sender.py:_save_file():944] saving file wandb-summary.json with policy end
2022-02-20 21:06:58,376 INFO    SenderThread:62587 [sender.py:send_exit():379] send defer
2022-02-20 21:06:58,376 DEBUG   SenderThread:62587 [sender.py:send_request():249] send_request: poll_exit
2022-02-20 21:06:58,377 DEBUG   HandlerThread:62587 [handler.py:handle_request():131] handle_request: defer
2022-02-20 21:06:58,377 INFO    HandlerThread:62587 [handler.py:handle_request_defer():154] handle defer: 0
2022-02-20 21:06:58,377 DEBUG   SenderThread:62587 [sender.py:send_request():249] send_request: defer
2022-02-20 21:06:58,377 INFO    SenderThread:62587 [sender.py:send_request_defer():388] handle sender defer: 0
2022-02-20 21:06:58,378 INFO    SenderThread:62587 [sender.py:transition_state():392] send defer: 1
2022-02-20 21:06:58,378 DEBUG   HandlerThread:62587 [handler.py:handle_request():131] handle_request: defer
2022-02-20 21:06:58,378 INFO    HandlerThread:62587 [handler.py:handle_request_defer():154] handle defer: 1
2022-02-20 21:06:58,427 DEBUG   SenderThread:62587 [sender.py:send_request():249] send_request: defer
2022-02-20 21:06:58,428 INFO    SenderThread:62587 [sender.py:send_request_defer():388] handle sender defer: 1
2022-02-20 21:06:58,428 INFO    SenderThread:62587 [sender.py:transition_state():392] send defer: 2
2022-02-20 21:06:58,428 DEBUG   SenderThread:62587 [sender.py:send():235] send: stats
2022-02-20 21:06:58,429 DEBUG   HandlerThread:62587 [handler.py:handle_request():131] handle_request: defer
2022-02-20 21:06:58,429 INFO    HandlerThread:62587 [handler.py:handle_request_defer():154] handle defer: 2
2022-02-20 21:06:58,429 DEBUG   SenderThread:62587 [sender.py:send_request():249] send_request: defer
2022-02-20 21:06:58,429 INFO    SenderThread:62587 [sender.py:send_request_defer():388] handle sender defer: 2
2022-02-20 21:06:58,429 INFO    SenderThread:62587 [sender.py:transition_state():392] send defer: 3
2022-02-20 21:06:58,429 DEBUG   HandlerThread:62587 [handler.py:handle_request():131] handle_request: defer
2022-02-20 21:06:58,430 INFO    HandlerThread:62587 [handler.py:handle_request_defer():154] handle defer: 3
2022-02-20 21:06:58,430 DEBUG   SenderThread:62587 [sender.py:send():235] send: summary
2022-02-20 21:06:58,430 INFO    SenderThread:62587 [sender.py:_save_file():944] saving file wandb-summary.json with policy end
2022-02-20 21:06:58,430 DEBUG   SenderThread:62587 [sender.py:send_request():249] send_request: defer
2022-02-20 21:06:58,430 INFO    SenderThread:62587 [sender.py:send_request_defer():388] handle sender defer: 3
2022-02-20 21:06:58,430 INFO    SenderThread:62587 [sender.py:transition_state():392] send defer: 4
2022-02-20 21:06:58,430 DEBUG   HandlerThread:62587 [handler.py:handle_request():131] handle_request: defer
2022-02-20 21:06:58,430 INFO    HandlerThread:62587 [handler.py:handle_request_defer():154] handle defer: 4
2022-02-20 21:06:58,430 DEBUG   SenderThread:62587 [sender.py:send_request():249] send_request: defer
2022-02-20 21:06:58,431 INFO    SenderThread:62587 [sender.py:send_request_defer():388] handle sender defer: 4
2022-02-20 21:06:58,461 INFO    SenderThread:62587 [sender.py:transition_state():392] send defer: 5
2022-02-20 21:06:58,462 DEBUG   HandlerThread:62587 [handler.py:handle_request():131] handle_request: defer
2022-02-20 21:06:58,462 INFO    HandlerThread:62587 [handler.py:handle_request_defer():154] handle defer: 5
2022-02-20 21:06:58,462 DEBUG   SenderThread:62587 [sender.py:send_request():249] send_request: defer
2022-02-20 21:06:58,462 INFO    SenderThread:62587 [sender.py:send_request_defer():388] handle sender defer: 5
2022-02-20 21:06:58,462 INFO    SenderThread:62587 [dir_watcher.py:finish():283] shutting down directory watcher
2022-02-20 21:06:58,486 DEBUG   HandlerThread:62587 [handler.py:handle_request():131] handle_request: poll_exit
2022-02-20 21:06:58,641 INFO    SenderThread:62587 [dir_watcher.py:_on_file_modified():230] file/dir modified: /Users/den/my/fast/ml-env/notebooks/wandb/run-20220220_210647-2hfyee43/files/output.log
2022-02-20 21:06:58,641 INFO    SenderThread:62587 [dir_watcher.py:_on_file_modified():230] file/dir modified: /Users/den/my/fast/ml-env/notebooks/wandb/run-20220220_210647-2hfyee43/files/wandb-summary.json
2022-02-20 21:06:58,641 INFO    SenderThread:62587 [dir_watcher.py:_on_file_modified():230] file/dir modified: /Users/den/my/fast/ml-env/notebooks/wandb/run-20220220_210647-2hfyee43/files/config.yaml
2022-02-20 21:06:58,642 INFO    SenderThread:62587 [dir_watcher.py:finish():313] scan: /Users/den/my/fast/ml-env/notebooks/wandb/run-20220220_210647-2hfyee43/files
2022-02-20 21:06:58,642 INFO    SenderThread:62587 [dir_watcher.py:finish():327] scan save: /Users/den/my/fast/ml-env/notebooks/wandb/run-20220220_210647-2hfyee43/files/requirements.txt requirements.txt
2022-02-20 21:06:58,642 INFO    SenderThread:62587 [dir_watcher.py:finish():327] scan save: /Users/den/my/fast/ml-env/notebooks/wandb/run-20220220_210647-2hfyee43/files/output.log output.log
2022-02-20 21:06:58,642 INFO    SenderThread:62587 [dir_watcher.py:finish():327] scan save: /Users/den/my/fast/ml-env/notebooks/wandb/run-20220220_210647-2hfyee43/files/config.yaml config.yaml
2022-02-20 21:06:58,647 INFO    SenderThread:62587 [dir_watcher.py:finish():327] scan save: /Users/den/my/fast/ml-env/notebooks/wandb/run-20220220_210647-2hfyee43/files/wandb-summary.json wandb-summary.json
2022-02-20 21:06:58,652 INFO    SenderThread:62587 [dir_watcher.py:finish():327] scan save: /Users/den/my/fast/ml-env/notebooks/wandb/run-20220220_210647-2hfyee43/files/wandb-metadata.json wandb-metadata.json
2022-02-20 21:06:58,655 INFO    SenderThread:62587 [dir_watcher.py:finish():327] scan save: /Users/den/my/fast/ml-env/notebooks/wandb/run-20220220_210647-2hfyee43/files/code/_session_history.ipynb code/_session_history.ipynb
2022-02-20 21:06:58,656 INFO    SenderThread:62587 [sender.py:transition_state():392] send defer: 6
2022-02-20 21:06:58,656 DEBUG   SenderThread:62587 [sender.py:send_request():249] send_request: poll_exit
2022-02-20 21:06:58,657 DEBUG   HandlerThread:62587 [handler.py:handle_request():131] handle_request: defer
2022-02-20 21:06:58,657 INFO    HandlerThread:62587 [handler.py:handle_request_defer():154] handle defer: 6
2022-02-20 21:06:58,660 DEBUG   SenderThread:62587 [sender.py:send_request():249] send_request: defer
2022-02-20 21:06:58,660 INFO    SenderThread:62587 [sender.py:send_request_defer():388] handle sender defer: 6
2022-02-20 21:06:58,661 INFO    SenderThread:62587 [file_pusher.py:finish():177] shutting down file pusher
2022-02-20 21:06:58,727 INFO    Thread-19 :62587 [upload_job.py:push():137] Uploaded file /Users/den/my/fast/ml-env/notebooks/wandb/run-20220220_210647-2hfyee43/files/requirements.txt
2022-02-20 21:06:58,744 INFO    Thread-20 :62587 [upload_job.py:push():137] Uploaded file /Users/den/my/fast/ml-env/notebooks/wandb/run-20220220_210647-2hfyee43/files/output.log
2022-02-20 21:06:58,747 INFO    Thread-22 :62587 [upload_job.py:push():137] Uploaded file /Users/den/my/fast/ml-env/notebooks/wandb/run-20220220_210647-2hfyee43/files/wandb-summary.json
2022-02-20 21:06:58,752 INFO    Thread-23 :62587 [upload_job.py:push():137] Uploaded file /Users/den/my/fast/ml-env/notebooks/wandb/run-20220220_210647-2hfyee43/files/code/_session_history.ipynb
2022-02-20 21:06:58,759 INFO    Thread-21 :62587 [upload_job.py:push():137] Uploaded file /Users/den/my/fast/ml-env/notebooks/wandb/run-20220220_210647-2hfyee43/files/config.yaml
2022-02-20 21:06:58,762 DEBUG   HandlerThread:62587 [handler.py:handle_request():131] handle_request: poll_exit
2022-02-20 21:06:58,763 DEBUG   SenderThread:62587 [sender.py:send_request():249] send_request: poll_exit
2022-02-20 21:06:58,865 DEBUG   HandlerThread:62587 [handler.py:handle_request():131] handle_request: poll_exit
2022-02-20 21:06:58,865 DEBUG   SenderThread:62587 [sender.py:send_request():249] send_request: poll_exit
2022-02-20 21:06:58,961 INFO    Thread-7  :62587 [sender.py:transition_state():392] send defer: 7
2022-02-20 21:06:58,961 DEBUG   HandlerThread:62587 [handler.py:handle_request():131] handle_request: defer
2022-02-20 21:06:58,962 INFO    HandlerThread:62587 [handler.py:handle_request_defer():154] handle defer: 7
2022-02-20 21:06:58,962 DEBUG   SenderThread:62587 [sender.py:send_request():249] send_request: defer
2022-02-20 21:06:58,962 INFO    SenderThread:62587 [sender.py:send_request_defer():388] handle sender defer: 7
2022-02-20 21:06:58,969 DEBUG   HandlerThread:62587 [handler.py:handle_request():131] handle_request: poll_exit
2022-02-20 21:06:59,007 INFO    SenderThread:62587 [sender.py:transition_state():392] send defer: 8
2022-02-20 21:06:59,008 DEBUG   SenderThread:62587 [sender.py:send_request():249] send_request: poll_exit
2022-02-20 21:06:59,008 DEBUG   HandlerThread:62587 [handler.py:handle_request():131] handle_request: defer
2022-02-20 21:06:59,008 INFO    HandlerThread:62587 [handler.py:handle_request_defer():154] handle defer: 8
2022-02-20 21:06:59,008 DEBUG   SenderThread:62587 [sender.py:send_request():249] send_request: defer
2022-02-20 21:06:59,008 INFO    SenderThread:62587 [sender.py:send_request_defer():388] handle sender defer: 8
2022-02-20 21:06:59,008 INFO    SenderThread:62587 [sender.py:transition_state():392] send defer: 9
2022-02-20 21:06:59,009 DEBUG   SenderThread:62587 [sender.py:send():235] send: final
2022-02-20 21:06:59,009 DEBUG   HandlerThread:62587 [handler.py:handle_request():131] handle_request: defer
2022-02-20 21:06:59,009 DEBUG   SenderThread:62587 [sender.py:send():235] send: footer
2022-02-20 21:06:59,009 INFO    HandlerThread:62587 [handler.py:handle_request_defer():154] handle defer: 9
2022-02-20 21:06:59,010 DEBUG   SenderThread:62587 [sender.py:send_request():249] send_request: defer
2022-02-20 21:06:59,010 INFO    SenderThread:62587 [sender.py:send_request_defer():388] handle sender defer: 9
2022-02-20 21:06:59,111 DEBUG   HandlerThread:62587 [handler.py:handle_request():131] handle_request: poll_exit
2022-02-20 21:06:59,111 DEBUG   SenderThread:62587 [sender.py:send_request():249] send_request: poll_exit
2022-02-20 21:06:59,111 INFO    SenderThread:62587 [file_pusher.py:join():182] waiting for file pusher
2022-02-20 21:06:59,130 DEBUG   HandlerThread:62587 [handler.py:handle_request():131] handle_request: get_summary
2022-02-20 21:06:59,131 DEBUG   HandlerThread:62587 [handler.py:handle_request():131] handle_request: sampled_history
2022-02-20 21:06:59,131 DEBUG   HandlerThread:62587 [handler.py:handle_request():131] handle_request: shutdown
2022-02-20 21:06:59,131 INFO    HandlerThread:62587 [handler.py:finish():739] shutting down handler
2022-02-20 21:07:00,013 INFO    WriterThread:62587 [datastore.py:close():281] close: /Users/den/my/fast/ml-env/notebooks/wandb/run-20220220_210647-2hfyee43/run-2hfyee43.wandb
2022-02-20 21:07:00,134 INFO    SenderThread:62587 [sender.py:finish():1075] shutting down sender
2022-02-20 21:07:00,134 INFO    SenderThread:62587 [file_pusher.py:finish():177] shutting down file pusher
2022-02-20 21:07:00,134 INFO    SenderThread:62587 [file_pusher.py:join():182] waiting for file pusher
2022-02-20 21:07:00,135 INFO    MainThread:62587 [internal.py:handle_exit():79] Internal process exited
