2022-02-20 21:56:12,100 INFO    MainThread:67023 [internal.py:wandb_internal():89] W&B internal server running at pid: 67023, started at: 2022-02-20 21:56:12.100328
2022-02-20 21:56:12,101 INFO    WriterThread:67023 [datastore.py:open_for_write():77] open: /Users/den/my/fast/ml-env/notebooks/wandb/run-20220220_215610-382vw1bx/run-382vw1bx.wandb
2022-02-20 21:56:12,102 DEBUG   HandlerThread:67023 [handler.py:handle_request():131] handle_request: check_version
2022-02-20 21:56:12,104 DEBUG   SenderThread:67023 [sender.py:send():235] send: header
2022-02-20 21:56:12,104 DEBUG   SenderThread:67023 [sender.py:send_request():249] send_request: check_version
2022-02-20 21:56:12,300 DEBUG   SenderThread:67023 [sender.py:send():235] send: run
2022-02-20 21:56:12,342 INFO    SenderThread:67023 [dir_watcher.py:__init__():169] watching files in: /Users/den/my/fast/ml-env/notebooks/wandb/run-20220220_215610-382vw1bx/files
2022-02-20 21:56:12,342 INFO    SenderThread:67023 [sender.py:_start_run_threads():809] run started: 382vw1bx with start time 1645383370
2022-02-20 21:56:12,344 DEBUG   SenderThread:67023 [sender.py:send():235] send: summary
2022-02-20 21:56:12,345 INFO    SenderThread:67023 [sender.py:_save_file():944] saving file wandb-summary.json with policy end
2022-02-20 21:56:12,346 DEBUG   HandlerThread:67023 [handler.py:handle_request():131] handle_request: run_start
2022-02-20 21:56:12,347 DEBUG   HandlerThread:67023 [meta.py:__init__():36] meta init
2022-02-20 21:56:12,347 DEBUG   HandlerThread:67023 [meta.py:__init__():50] meta init done
2022-02-20 21:56:12,348 DEBUG   HandlerThread:67023 [meta.py:probe():210] probe
2022-02-20 21:56:12,354 DEBUG   HandlerThread:67023 [meta.py:_setup_git():200] setup git
2022-02-20 21:56:12,380 DEBUG   HandlerThread:67023 [meta.py:_setup_git():207] setup git done
2022-02-20 21:56:12,380 DEBUG   HandlerThread:67023 [meta.py:_save_code():88] save code
2022-02-20 21:56:12,380 WARNING HandlerThread:67023 [meta.py:_save_code():90] unable to save code -- program entry not found
2022-02-20 21:56:12,380 DEBUG   HandlerThread:67023 [meta.py:_save_patches():126] save patches
2022-02-20 21:56:12,459 DEBUG   HandlerThread:67023 [meta.py:_save_patches():168] save patches done
2022-02-20 21:56:12,460 DEBUG   HandlerThread:67023 [meta.py:_save_pip():54] save pip
2022-02-20 21:56:12,460 DEBUG   HandlerThread:67023 [meta.py:_save_pip():68] save pip done
2022-02-20 21:56:12,460 DEBUG   HandlerThread:67023 [meta.py:probe():248] probe done
2022-02-20 21:56:12,466 DEBUG   SenderThread:67023 [sender.py:send():235] send: files
2022-02-20 21:56:12,466 INFO    SenderThread:67023 [sender.py:_save_file():944] saving file wandb-metadata.json with policy now
2022-02-20 21:56:12,466 INFO    SenderThread:67023 [sender.py:_save_file():944] saving file diff.patch with policy now
2022-02-20 21:56:12,472 DEBUG   HandlerThread:67023 [handler.py:handle_request():131] handle_request: stop_status
2022-02-20 21:56:12,474 DEBUG   SenderThread:67023 [sender.py:send_request():249] send_request: stop_status
2022-02-20 21:56:12,476 DEBUG   HandlerThread:67023 [handler.py:handle_request():131] handle_request: pause
2022-02-20 21:56:12,476 INFO    HandlerThread:67023 [handler.py:handle_request_pause():620] stopping system metrics thread
2022-02-20 21:56:12,542 INFO    Thread-12 :67023 [upload_job.py:push():137] Uploaded file /var/folders/qj/dzmgfs4103qd2st0jmk77psm0000gn/T/tmpq6cvh4thwandb/1azj2uux-diff.patch
2022-02-20 21:56:12,542 INFO    Thread-11 :67023 [upload_job.py:push():137] Uploaded file /var/folders/qj/dzmgfs4103qd2st0jmk77psm0000gn/T/tmpq6cvh4thwandb/156rhgqn-wandb-metadata.json
2022-02-20 21:56:12,565 DEBUG   HandlerThread:67023 [handler.py:handle_request():131] handle_request: resume
2022-02-20 21:56:12,565 INFO    HandlerThread:67023 [handler.py:handle_request_resume():611] starting system metrics thread
2022-02-20 21:56:12,566 DEBUG   HandlerThread:67023 [handler.py:handle_request():131] handle_request: pause
2022-02-20 21:56:12,566 INFO    HandlerThread:67023 [handler.py:handle_request_pause():620] stopping system metrics thread
2022-02-20 21:56:12,671 DEBUG   SenderThread:67023 [sender.py:send():235] send: stats
2022-02-20 21:56:12,672 DEBUG   SenderThread:67023 [sender.py:send():235] send: stats
2022-02-20 21:56:12,902 DEBUG   HandlerThread:67023 [handler.py:handle_request():131] handle_request: resume
2022-02-20 21:56:12,902 INFO    HandlerThread:67023 [handler.py:handle_request_resume():611] starting system metrics thread
2022-02-20 21:56:13,347 INFO    Thread-8  :67023 [dir_watcher.py:_on_file_created():217] file/dir created: /Users/den/my/fast/ml-env/notebooks/wandb/run-20220220_215610-382vw1bx/files/diff.patch
2022-02-20 21:56:13,347 INFO    Thread-8  :67023 [dir_watcher.py:_on_file_created():217] file/dir created: /Users/den/my/fast/ml-env/notebooks/wandb/run-20220220_215610-382vw1bx/files/requirements.txt
2022-02-20 21:56:13,348 INFO    Thread-8  :67023 [dir_watcher.py:_on_file_created():217] file/dir created: /Users/den/my/fast/ml-env/notebooks/wandb/run-20220220_215610-382vw1bx/files/wandb-summary.json
2022-02-20 21:56:13,348 INFO    Thread-8  :67023 [dir_watcher.py:_on_file_created():217] file/dir created: /Users/den/my/fast/ml-env/notebooks/wandb/run-20220220_215610-382vw1bx/files/wandb-metadata.json
2022-02-20 21:56:13,348 INFO    Thread-8  :67023 [dir_watcher.py:_on_file_created():217] file/dir created: /Users/den/my/fast/ml-env/notebooks/wandb/run-20220220_215610-382vw1bx/files/output.log
2022-02-20 21:56:13,461 DEBUG   HandlerThread:67023 [handler.py:handle_request():131] handle_request: pause
2022-02-20 21:56:13,461 INFO    HandlerThread:67023 [handler.py:handle_request_pause():620] stopping system metrics thread
2022-02-20 21:56:13,521 DEBUG   SenderThread:67023 [sender.py:send():235] send: stats
2022-02-20 21:56:14,571 DEBUG   HandlerThread:67023 [handler.py:handle_request():131] handle_request: resume
2022-02-20 21:56:14,571 INFO    HandlerThread:67023 [handler.py:handle_request_resume():611] starting system metrics thread
2022-02-20 21:56:14,660 DEBUG   HandlerThread:67023 [handler.py:handle_request():131] handle_request: pause
2022-02-20 21:56:14,660 INFO    HandlerThread:67023 [handler.py:handle_request_pause():620] stopping system metrics thread
2022-02-20 21:56:14,677 DEBUG   SenderThread:67023 [sender.py:send():235] send: stats
2022-02-20 21:56:14,976 DEBUG   HandlerThread:67023 [handler.py:handle_request():131] handle_request: resume
2022-02-20 21:56:14,976 INFO    HandlerThread:67023 [handler.py:handle_request_resume():611] starting system metrics thread
2022-02-20 21:56:15,355 INFO    Thread-8  :67023 [dir_watcher.py:_on_file_modified():230] file/dir modified: /Users/den/my/fast/ml-env/notebooks/wandb/run-20220220_215610-382vw1bx/files/output.log
2022-02-20 21:56:16,619 DEBUG   HandlerThread:67023 [handler.py:handle_request():131] handle_request: pause
2022-02-20 21:56:16,619 INFO    HandlerThread:67023 [handler.py:handle_request_pause():620] stopping system metrics thread
2022-02-20 21:56:16,708 DEBUG   HandlerThread:67023 [handler.py:handle_request():131] handle_request: resume
2022-02-20 21:56:16,709 INFO    HandlerThread:67023 [handler.py:handle_request_resume():611] starting system metrics thread
2022-02-20 21:56:16,709 DEBUG   SenderThread:67023 [sender.py:send():235] send: stats
2022-02-20 21:56:16,823 DEBUG   HandlerThread:67023 [handler.py:handle_request():131] handle_request: pause
2022-02-20 21:56:16,824 INFO    HandlerThread:67023 [handler.py:handle_request_pause():620] stopping system metrics thread
2022-02-20 21:56:16,919 DEBUG   SenderThread:67023 [sender.py:send():235] send: stats
2022-02-20 21:56:17,365 INFO    Thread-8  :67023 [dir_watcher.py:_on_file_modified():230] file/dir modified: /Users/den/my/fast/ml-env/notebooks/wandb/run-20220220_215610-382vw1bx/files/output.log
2022-02-20 21:56:17,739 DEBUG   HandlerThread:67023 [handler.py:handle_request():131] handle_request: resume
2022-02-20 21:56:17,739 INFO    HandlerThread:67023 [handler.py:handle_request_resume():611] starting system metrics thread
2022-02-20 21:56:17,780 DEBUG   HandlerThread:67023 [handler.py:handle_request():131] handle_request: pause
2022-02-20 21:56:17,780 INFO    HandlerThread:67023 [handler.py:handle_request_pause():620] stopping system metrics thread
2022-02-20 21:56:17,842 DEBUG   SenderThread:67023 [sender.py:send():235] send: stats
2022-02-20 21:56:19,368 INFO    Thread-8  :67023 [dir_watcher.py:_on_file_modified():230] file/dir modified: /Users/den/my/fast/ml-env/notebooks/wandb/run-20220220_215610-382vw1bx/files/output.log
2022-02-20 21:56:20,182 DEBUG   HandlerThread:67023 [handler.py:handle_request():131] handle_request: resume
2022-02-20 21:56:20,183 INFO    HandlerThread:67023 [handler.py:handle_request_resume():611] starting system metrics thread
2022-02-20 21:56:20,205 DEBUG   HandlerThread:67023 [handler.py:handle_request():131] handle_request: log_artifact
2022-02-20 21:56:20,205 DEBUG   SenderThread:67023 [sender.py:send_request():249] send_request: log_artifact
2022-02-20 21:56:20,268 INFO    SenderThread:67023 [sender.py:send_request_log_artifact():973] logged artifact vehicle_defaults_processed - {'id': 'QXJ0aWZhY3Q6MQ==', 'digest': '2c6e1b72f30cd870de51b2382a2a53b5', 'state': 'COMMITTED', 'aliases': [{'artifactCollectionName': 'vehicle_defaults_processed', 'alias': 'latest'}, {'artifactCollectionName': 'vehicle_defaults_processed', 'alias': 'v0'}], 'artifactSequence': {'id': 'QXJ0aWZhY3RDb2xsZWN0aW9uOjE=', 'latestArtifact': {'id': 'QXJ0aWZhY3Q6MQ==', 'versionIndex': 0}}, 'version': 'v0'}
2022-02-20 21:56:20,268 DEBUG   SenderThread:67023 [sender.py:send():235] send: config
2022-02-20 21:56:20,371 INFO    Thread-8  :67023 [dir_watcher.py:_on_file_created():217] file/dir created: /Users/den/my/fast/ml-env/notebooks/wandb/run-20220220_215610-382vw1bx/files/code/_session_history.ipynb
2022-02-20 21:56:20,371 INFO    Thread-8  :67023 [dir_watcher.py:_on_file_created():217] file/dir created: /Users/den/my/fast/ml-env/notebooks/wandb/run-20220220_215610-382vw1bx/files/code
2022-02-20 21:56:21,197 DEBUG   HandlerThread:67023 [handler.py:handle_request():131] handle_request: poll_exit
2022-02-20 21:56:21,197 DEBUG   SenderThread:67023 [sender.py:send():235] send: telemetry
2022-02-20 21:56:21,197 DEBUG   SenderThread:67023 [sender.py:send():235] send: exit
2022-02-20 21:56:21,198 INFO    SenderThread:67023 [sender.py:send_exit():371] handling exit code: 0
2022-02-20 21:56:21,198 INFO    SenderThread:67023 [sender.py:send_exit():373] handling runtime: 4
2022-02-20 21:56:21,199 INFO    SenderThread:67023 [sender.py:_save_file():944] saving file wandb-summary.json with policy end
2022-02-20 21:56:21,199 INFO    SenderThread:67023 [sender.py:send_exit():379] send defer
2022-02-20 21:56:21,199 DEBUG   SenderThread:67023 [sender.py:send_request():249] send_request: poll_exit
2022-02-20 21:56:21,200 DEBUG   HandlerThread:67023 [handler.py:handle_request():131] handle_request: defer
2022-02-20 21:56:21,200 INFO    HandlerThread:67023 [handler.py:handle_request_defer():154] handle defer: 0
2022-02-20 21:56:21,200 DEBUG   SenderThread:67023 [sender.py:send_request():249] send_request: defer
2022-02-20 21:56:21,200 INFO    SenderThread:67023 [sender.py:send_request_defer():388] handle sender defer: 0
2022-02-20 21:56:21,200 INFO    SenderThread:67023 [sender.py:transition_state():392] send defer: 1
2022-02-20 21:56:21,200 DEBUG   HandlerThread:67023 [handler.py:handle_request():131] handle_request: defer
2022-02-20 21:56:21,200 INFO    HandlerThread:67023 [handler.py:handle_request_defer():154] handle defer: 1
2022-02-20 21:56:21,206 DEBUG   SenderThread:67023 [sender.py:send_request():249] send_request: defer
2022-02-20 21:56:21,207 INFO    SenderThread:67023 [sender.py:send_request_defer():388] handle sender defer: 1
2022-02-20 21:56:21,207 INFO    SenderThread:67023 [sender.py:transition_state():392] send defer: 2
2022-02-20 21:56:21,207 DEBUG   SenderThread:67023 [sender.py:send():235] send: stats
2022-02-20 21:56:21,207 DEBUG   HandlerThread:67023 [handler.py:handle_request():131] handle_request: defer
2022-02-20 21:56:21,207 INFO    HandlerThread:67023 [handler.py:handle_request_defer():154] handle defer: 2
2022-02-20 21:56:21,207 DEBUG   SenderThread:67023 [sender.py:send_request():249] send_request: defer
2022-02-20 21:56:21,207 INFO    SenderThread:67023 [sender.py:send_request_defer():388] handle sender defer: 2
2022-02-20 21:56:21,207 INFO    SenderThread:67023 [sender.py:transition_state():392] send defer: 3
2022-02-20 21:56:21,208 DEBUG   HandlerThread:67023 [handler.py:handle_request():131] handle_request: defer
2022-02-20 21:56:21,208 INFO    HandlerThread:67023 [handler.py:handle_request_defer():154] handle defer: 3
2022-02-20 21:56:21,208 DEBUG   SenderThread:67023 [sender.py:send():235] send: summary
2022-02-20 21:56:21,208 INFO    SenderThread:67023 [sender.py:_save_file():944] saving file wandb-summary.json with policy end
2022-02-20 21:56:21,208 DEBUG   SenderThread:67023 [sender.py:send_request():249] send_request: defer
2022-02-20 21:56:21,208 INFO    SenderThread:67023 [sender.py:send_request_defer():388] handle sender defer: 3
2022-02-20 21:56:21,208 INFO    SenderThread:67023 [sender.py:transition_state():392] send defer: 4
2022-02-20 21:56:21,208 DEBUG   HandlerThread:67023 [handler.py:handle_request():131] handle_request: defer
2022-02-20 21:56:21,209 INFO    HandlerThread:67023 [handler.py:handle_request_defer():154] handle defer: 4
2022-02-20 21:56:21,209 DEBUG   SenderThread:67023 [sender.py:send_request():249] send_request: defer
2022-02-20 21:56:21,209 INFO    SenderThread:67023 [sender.py:send_request_defer():388] handle sender defer: 4
2022-02-20 21:56:21,231 INFO    SenderThread:67023 [sender.py:transition_state():392] send defer: 5
2022-02-20 21:56:21,232 DEBUG   HandlerThread:67023 [handler.py:handle_request():131] handle_request: defer
2022-02-20 21:56:21,232 INFO    HandlerThread:67023 [handler.py:handle_request_defer():154] handle defer: 5
2022-02-20 21:56:21,232 DEBUG   SenderThread:67023 [sender.py:send_request():249] send_request: defer
2022-02-20 21:56:21,232 INFO    SenderThread:67023 [sender.py:send_request_defer():388] handle sender defer: 5
2022-02-20 21:56:21,232 INFO    SenderThread:67023 [dir_watcher.py:finish():283] shutting down directory watcher
2022-02-20 21:56:21,305 DEBUG   HandlerThread:67023 [handler.py:handle_request():131] handle_request: poll_exit
2022-02-20 21:56:21,374 INFO    SenderThread:67023 [dir_watcher.py:_on_file_modified():230] file/dir modified: /Users/den/my/fast/ml-env/notebooks/wandb/run-20220220_215610-382vw1bx/files/config.yaml
2022-02-20 21:56:21,374 INFO    SenderThread:67023 [dir_watcher.py:_on_file_modified():230] file/dir modified: /Users/den/my/fast/ml-env/notebooks/wandb/run-20220220_215610-382vw1bx/files/wandb-summary.json
2022-02-20 21:56:21,374 INFO    SenderThread:67023 [dir_watcher.py:_on_file_modified():230] file/dir modified: /Users/den/my/fast/ml-env/notebooks/wandb/run-20220220_215610-382vw1bx/files/output.log
2022-02-20 21:56:21,375 INFO    SenderThread:67023 [dir_watcher.py:finish():313] scan: /Users/den/my/fast/ml-env/notebooks/wandb/run-20220220_215610-382vw1bx/files
2022-02-20 21:56:21,375 INFO    SenderThread:67023 [dir_watcher.py:finish():327] scan save: /Users/den/my/fast/ml-env/notebooks/wandb/run-20220220_215610-382vw1bx/files/diff.patch diff.patch
2022-02-20 21:56:21,375 INFO    SenderThread:67023 [dir_watcher.py:finish():327] scan save: /Users/den/my/fast/ml-env/notebooks/wandb/run-20220220_215610-382vw1bx/files/requirements.txt requirements.txt
2022-02-20 21:56:21,375 INFO    SenderThread:67023 [dir_watcher.py:finish():327] scan save: /Users/den/my/fast/ml-env/notebooks/wandb/run-20220220_215610-382vw1bx/files/output.log output.log
2022-02-20 21:56:21,379 INFO    SenderThread:67023 [dir_watcher.py:finish():327] scan save: /Users/den/my/fast/ml-env/notebooks/wandb/run-20220220_215610-382vw1bx/files/config.yaml config.yaml
2022-02-20 21:56:21,380 INFO    SenderThread:67023 [dir_watcher.py:finish():327] scan save: /Users/den/my/fast/ml-env/notebooks/wandb/run-20220220_215610-382vw1bx/files/wandb-summary.json wandb-summary.json
2022-02-20 21:56:21,385 INFO    SenderThread:67023 [dir_watcher.py:finish():327] scan save: /Users/den/my/fast/ml-env/notebooks/wandb/run-20220220_215610-382vw1bx/files/wandb-metadata.json wandb-metadata.json
2022-02-20 21:56:21,389 INFO    SenderThread:67023 [dir_watcher.py:finish():327] scan save: /Users/den/my/fast/ml-env/notebooks/wandb/run-20220220_215610-382vw1bx/files/code/_session_history.ipynb code/_session_history.ipynb
2022-02-20 21:56:21,390 INFO    SenderThread:67023 [sender.py:transition_state():392] send defer: 6
2022-02-20 21:56:21,390 DEBUG   SenderThread:67023 [sender.py:send_request():249] send_request: poll_exit
2022-02-20 21:56:21,392 DEBUG   HandlerThread:67023 [handler.py:handle_request():131] handle_request: defer
2022-02-20 21:56:21,392 INFO    HandlerThread:67023 [handler.py:handle_request_defer():154] handle defer: 6
2022-02-20 21:56:21,392 DEBUG   SenderThread:67023 [sender.py:send_request():249] send_request: defer
2022-02-20 21:56:21,392 INFO    SenderThread:67023 [sender.py:send_request_defer():388] handle sender defer: 6
2022-02-20 21:56:21,392 INFO    SenderThread:67023 [file_pusher.py:finish():177] shutting down file pusher
2022-02-20 21:56:21,435 INFO    Thread-20 :67023 [upload_job.py:push():137] Uploaded file /Users/den/my/fast/ml-env/notebooks/wandb/run-20220220_215610-382vw1bx/files/requirements.txt
2022-02-20 21:56:21,452 INFO    Thread-23 :67023 [upload_job.py:push():137] Uploaded file /Users/den/my/fast/ml-env/notebooks/wandb/run-20220220_215610-382vw1bx/files/wandb-summary.json
2022-02-20 21:56:21,454 INFO    Thread-24 :67023 [upload_job.py:push():137] Uploaded file /Users/den/my/fast/ml-env/notebooks/wandb/run-20220220_215610-382vw1bx/files/code/_session_history.ipynb
2022-02-20 21:56:21,455 INFO    Thread-22 :67023 [upload_job.py:push():137] Uploaded file /Users/den/my/fast/ml-env/notebooks/wandb/run-20220220_215610-382vw1bx/files/config.yaml
2022-02-20 21:56:21,462 INFO    Thread-21 :67023 [upload_job.py:push():137] Uploaded file /Users/den/my/fast/ml-env/notebooks/wandb/run-20220220_215610-382vw1bx/files/output.log
2022-02-20 21:56:21,492 DEBUG   HandlerThread:67023 [handler.py:handle_request():131] handle_request: poll_exit
2022-02-20 21:56:21,493 DEBUG   SenderThread:67023 [sender.py:send_request():249] send_request: poll_exit
2022-02-20 21:56:21,599 DEBUG   HandlerThread:67023 [handler.py:handle_request():131] handle_request: poll_exit
2022-02-20 21:56:21,599 DEBUG   SenderThread:67023 [sender.py:send_request():249] send_request: poll_exit
2022-02-20 21:56:21,667 INFO    Thread-7  :67023 [sender.py:transition_state():392] send defer: 7
2022-02-20 21:56:21,667 DEBUG   HandlerThread:67023 [handler.py:handle_request():131] handle_request: defer
2022-02-20 21:56:21,667 INFO    HandlerThread:67023 [handler.py:handle_request_defer():154] handle defer: 7
2022-02-20 21:56:21,668 DEBUG   SenderThread:67023 [sender.py:send_request():249] send_request: defer
2022-02-20 21:56:21,668 INFO    SenderThread:67023 [sender.py:send_request_defer():388] handle sender defer: 7
2022-02-20 21:56:21,703 INFO    SenderThread:67023 [sender.py:transition_state():392] send defer: 8
2022-02-20 21:56:21,704 DEBUG   HandlerThread:67023 [handler.py:handle_request():131] handle_request: defer
2022-02-20 21:56:21,704 INFO    HandlerThread:67023 [handler.py:handle_request_defer():154] handle defer: 8
2022-02-20 21:56:21,704 DEBUG   SenderThread:67023 [sender.py:send_request():249] send_request: defer
2022-02-20 21:56:21,704 INFO    SenderThread:67023 [sender.py:send_request_defer():388] handle sender defer: 8
2022-02-20 21:56:21,704 INFO    SenderThread:67023 [sender.py:transition_state():392] send defer: 9
2022-02-20 21:56:21,704 DEBUG   HandlerThread:67023 [handler.py:handle_request():131] handle_request: poll_exit
2022-02-20 21:56:21,704 DEBUG   SenderThread:67023 [sender.py:send_request():249] send_request: poll_exit
2022-02-20 21:56:21,705 DEBUG   SenderThread:67023 [sender.py:send():235] send: final
2022-02-20 21:56:21,705 DEBUG   SenderThread:67023 [sender.py:send():235] send: footer
2022-02-20 21:56:21,705 DEBUG   HandlerThread:67023 [handler.py:handle_request():131] handle_request: defer
2022-02-20 21:56:21,705 INFO    HandlerThread:67023 [handler.py:handle_request_defer():154] handle defer: 9
2022-02-20 21:56:21,705 DEBUG   SenderThread:67023 [sender.py:send_request():249] send_request: defer
2022-02-20 21:56:21,705 INFO    SenderThread:67023 [sender.py:send_request_defer():388] handle sender defer: 9
2022-02-20 21:56:21,807 DEBUG   HandlerThread:67023 [handler.py:handle_request():131] handle_request: poll_exit
2022-02-20 21:56:21,808 DEBUG   SenderThread:67023 [sender.py:send_request():249] send_request: poll_exit
2022-02-20 21:56:21,808 INFO    SenderThread:67023 [file_pusher.py:join():182] waiting for file pusher
2022-02-20 21:56:21,823 DEBUG   HandlerThread:67023 [handler.py:handle_request():131] handle_request: get_summary
2022-02-20 21:56:21,823 DEBUG   HandlerThread:67023 [handler.py:handle_request():131] handle_request: sampled_history
2022-02-20 21:56:21,824 DEBUG   HandlerThread:67023 [handler.py:handle_request():131] handle_request: shutdown
2022-02-20 21:56:21,824 INFO    HandlerThread:67023 [handler.py:finish():739] shutting down handler
2022-02-20 21:56:22,705 INFO    WriterThread:67023 [datastore.py:close():281] close: /Users/den/my/fast/ml-env/notebooks/wandb/run-20220220_215610-382vw1bx/run-382vw1bx.wandb
2022-02-20 21:56:22,827 INFO    SenderThread:67023 [sender.py:finish():1075] shutting down sender
2022-02-20 21:56:22,827 INFO    SenderThread:67023 [file_pusher.py:finish():177] shutting down file pusher
2022-02-20 21:56:22,827 INFO    SenderThread:67023 [file_pusher.py:join():182] waiting for file pusher
2022-02-20 21:56:22,829 INFO    MainThread:67023 [internal.py:handle_exit():79] Internal process exited
