2022-02-20 21:50:14,875 INFO    MainThread:66472 [internal.py:wandb_internal():89] W&B internal server running at pid: 66472, started at: 2022-02-20 21:50:14.875375
2022-02-20 21:50:14,876 DEBUG   HandlerThread:66472 [handler.py:handle_request():131] handle_request: check_version
2022-02-20 21:50:14,876 INFO    WriterThread:66472 [datastore.py:open_for_write():77] open: /Users/den/my/fast/ml-env/notebooks/wandb/run-20220220_215014-1ryxhogy/run-1ryxhogy.wandb
2022-02-20 21:50:14,878 DEBUG   SenderThread:66472 [sender.py:send():235] send: header
2022-02-20 21:50:14,878 DEBUG   SenderThread:66472 [sender.py:send_request():249] send_request: check_version
2022-02-20 21:50:15,092 DEBUG   SenderThread:66472 [sender.py:send():235] send: run
2022-02-20 21:50:15,128 INFO    SenderThread:66472 [dir_watcher.py:__init__():169] watching files in: /Users/den/my/fast/ml-env/notebooks/wandb/run-20220220_215014-1ryxhogy/files
2022-02-20 21:50:15,128 INFO    SenderThread:66472 [sender.py:_start_run_threads():809] run started: 1ryxhogy with start time 1645383014
2022-02-20 21:50:15,128 DEBUG   SenderThread:66472 [sender.py:send():235] send: summary
2022-02-20 21:50:15,129 INFO    SenderThread:66472 [sender.py:_save_file():944] saving file wandb-summary.json with policy end
2022-02-20 21:50:15,131 DEBUG   HandlerThread:66472 [handler.py:handle_request():131] handle_request: run_start
2022-02-20 21:50:15,132 DEBUG   HandlerThread:66472 [meta.py:__init__():36] meta init
2022-02-20 21:50:15,132 DEBUG   HandlerThread:66472 [meta.py:__init__():50] meta init done
2022-02-20 21:50:15,132 DEBUG   HandlerThread:66472 [meta.py:probe():210] probe
2022-02-20 21:50:15,138 DEBUG   HandlerThread:66472 [meta.py:_setup_git():200] setup git
2022-02-20 21:50:15,163 DEBUG   HandlerThread:66472 [meta.py:_setup_git():207] setup git done
2022-02-20 21:50:15,163 DEBUG   HandlerThread:66472 [meta.py:_save_code():88] save code
2022-02-20 21:50:15,163 WARNING HandlerThread:66472 [meta.py:_save_code():90] unable to save code -- program entry not found
2022-02-20 21:50:15,163 DEBUG   HandlerThread:66472 [meta.py:_save_patches():126] save patches
2022-02-20 21:50:15,241 DEBUG   HandlerThread:66472 [meta.py:_save_patches():168] save patches done
2022-02-20 21:50:15,242 DEBUG   HandlerThread:66472 [meta.py:_save_pip():54] save pip
2022-02-20 21:50:15,242 DEBUG   HandlerThread:66472 [meta.py:_save_pip():68] save pip done
2022-02-20 21:50:15,242 DEBUG   HandlerThread:66472 [meta.py:probe():248] probe done
2022-02-20 21:50:15,247 DEBUG   SenderThread:66472 [sender.py:send():235] send: files
2022-02-20 21:50:15,248 INFO    SenderThread:66472 [sender.py:_save_file():944] saving file wandb-metadata.json with policy now
2022-02-20 21:50:15,248 INFO    SenderThread:66472 [sender.py:_save_file():944] saving file diff.patch with policy now
2022-02-20 21:50:15,254 DEBUG   HandlerThread:66472 [handler.py:handle_request():131] handle_request: stop_status
2022-02-20 21:50:15,255 DEBUG   SenderThread:66472 [sender.py:send_request():249] send_request: stop_status
2022-02-20 21:50:15,257 DEBUG   HandlerThread:66472 [handler.py:handle_request():131] handle_request: pause
2022-02-20 21:50:15,257 INFO    HandlerThread:66472 [handler.py:handle_request_pause():620] stopping system metrics thread
2022-02-20 21:50:15,318 INFO    Thread-11 :66472 [upload_job.py:push():137] Uploaded file /var/folders/qj/dzmgfs4103qd2st0jmk77psm0000gn/T/tmpmwlx9v1hwandb/2qfd31ki-wandb-metadata.json
2022-02-20 21:50:15,319 INFO    Thread-12 :66472 [upload_job.py:push():137] Uploaded file /var/folders/qj/dzmgfs4103qd2st0jmk77psm0000gn/T/tmpmwlx9v1hwandb/1t32r3mu-diff.patch
2022-02-20 21:50:15,345 DEBUG   SenderThread:66472 [sender.py:send():235] send: stats
2022-02-20 21:50:16,133 INFO    Thread-8  :66472 [dir_watcher.py:_on_file_created():217] file/dir created: /Users/den/my/fast/ml-env/notebooks/wandb/run-20220220_215014-1ryxhogy/files/diff.patch
2022-02-20 21:50:16,133 INFO    Thread-8  :66472 [dir_watcher.py:_on_file_created():217] file/dir created: /Users/den/my/fast/ml-env/notebooks/wandb/run-20220220_215014-1ryxhogy/files/wandb-metadata.json
2022-02-20 21:50:16,133 INFO    Thread-8  :66472 [dir_watcher.py:_on_file_created():217] file/dir created: /Users/den/my/fast/ml-env/notebooks/wandb/run-20220220_215014-1ryxhogy/files/output.log
2022-02-20 21:50:16,134 INFO    Thread-8  :66472 [dir_watcher.py:_on_file_created():217] file/dir created: /Users/den/my/fast/ml-env/notebooks/wandb/run-20220220_215014-1ryxhogy/files/wandb-summary.json
2022-02-20 21:50:16,134 INFO    Thread-8  :66472 [dir_watcher.py:_on_file_created():217] file/dir created: /Users/den/my/fast/ml-env/notebooks/wandb/run-20220220_215014-1ryxhogy/files/requirements.txt
2022-02-20 21:50:18,135 INFO    Thread-8  :66472 [dir_watcher.py:_on_file_modified():230] file/dir modified: /Users/den/my/fast/ml-env/notebooks/wandb/run-20220220_215014-1ryxhogy/files/output.log
2022-02-20 21:50:18,149 DEBUG   HandlerThread:66472 [handler.py:handle_request():131] handle_request: resume
2022-02-20 21:50:18,149 INFO    HandlerThread:66472 [handler.py:handle_request_resume():611] starting system metrics thread
2022-02-20 21:50:18,154 DEBUG   HandlerThread:66472 [handler.py:handle_request():131] handle_request: pause
2022-02-20 21:50:18,154 INFO    HandlerThread:66472 [handler.py:handle_request_pause():620] stopping system metrics thread
2022-02-20 21:50:18,253 DEBUG   SenderThread:66472 [sender.py:send():235] send: stats
2022-02-20 21:50:20,142 INFO    Thread-8  :66472 [dir_watcher.py:_on_file_modified():230] file/dir modified: /Users/den/my/fast/ml-env/notebooks/wandb/run-20220220_215014-1ryxhogy/files/output.log
2022-02-20 21:50:20,309 DEBUG   HandlerThread:66472 [handler.py:handle_request():131] handle_request: resume
2022-02-20 21:50:20,309 INFO    HandlerThread:66472 [handler.py:handle_request_resume():611] starting system metrics thread
2022-02-20 21:50:20,503 DEBUG   HandlerThread:66472 [handler.py:handle_request():131] handle_request: pause
2022-02-20 21:50:20,503 INFO    HandlerThread:66472 [handler.py:handle_request_pause():620] stopping system metrics thread
2022-02-20 21:50:20,519 DEBUG   SenderThread:66472 [sender.py:send():235] send: stats
2022-02-20 21:50:22,149 INFO    Thread-8  :66472 [dir_watcher.py:_on_file_modified():230] file/dir modified: /Users/den/my/fast/ml-env/notebooks/wandb/run-20220220_215014-1ryxhogy/files/output.log
2022-02-20 21:50:25,591 DEBUG   HandlerThread:66472 [handler.py:handle_request():131] handle_request: resume
2022-02-20 21:50:25,592 INFO    HandlerThread:66472 [handler.py:handle_request_resume():611] starting system metrics thread
2022-02-20 21:50:25,704 DEBUG   HandlerThread:66472 [handler.py:handle_request():131] handle_request: pause
2022-02-20 21:50:25,705 INFO    HandlerThread:66472 [handler.py:handle_request_pause():620] stopping system metrics thread
2022-02-20 21:50:25,795 DEBUG   SenderThread:66472 [sender.py:send():235] send: stats
2022-02-20 21:50:26,402 DEBUG   HandlerThread:66472 [handler.py:handle_request():131] handle_request: resume
2022-02-20 21:50:26,402 INFO    HandlerThread:66472 [handler.py:handle_request_resume():611] starting system metrics thread
2022-02-20 21:50:28,034 DEBUG   HandlerThread:66472 [handler.py:handle_request():131] handle_request: pause
2022-02-20 21:50:28,035 INFO    HandlerThread:66472 [handler.py:handle_request_pause():620] stopping system metrics thread
2022-02-20 21:50:28,052 DEBUG   SenderThread:66472 [sender.py:send():235] send: stats
2022-02-20 21:50:28,158 INFO    Thread-8  :66472 [dir_watcher.py:_on_file_modified():230] file/dir modified: /Users/den/my/fast/ml-env/notebooks/wandb/run-20220220_215014-1ryxhogy/files/output.log
2022-02-20 21:50:28,959 DEBUG   HandlerThread:66472 [handler.py:handle_request():131] handle_request: resume
2022-02-20 21:50:28,959 INFO    HandlerThread:66472 [handler.py:handle_request_resume():611] starting system metrics thread
2022-02-20 21:50:30,164 INFO    Thread-8  :66472 [dir_watcher.py:_on_file_modified():230] file/dir modified: /Users/den/my/fast/ml-env/notebooks/wandb/run-20220220_215014-1ryxhogy/files/output.log
2022-02-20 21:50:30,278 DEBUG   HandlerThread:66472 [handler.py:handle_request():131] handle_request: stop_status
2022-02-20 21:50:30,278 DEBUG   SenderThread:66472 [sender.py:send_request():249] send_request: stop_status
2022-02-20 21:50:31,470 DEBUG   HandlerThread:66472 [handler.py:handle_request():131] handle_request: pause
2022-02-20 21:50:31,470 INFO    HandlerThread:66472 [handler.py:handle_request_pause():620] stopping system metrics thread
2022-02-20 21:50:31,532 DEBUG   SenderThread:66472 [sender.py:send():235] send: stats
2022-02-20 21:50:34,181 INFO    Thread-8  :66472 [dir_watcher.py:_on_file_modified():230] file/dir modified: /Users/den/my/fast/ml-env/notebooks/wandb/run-20220220_215014-1ryxhogy/files/output.log
2022-02-20 21:50:45,297 DEBUG   HandlerThread:66472 [handler.py:handle_request():131] handle_request: stop_status
2022-02-20 21:50:45,298 DEBUG   SenderThread:66472 [sender.py:send_request():249] send_request: stop_status
2022-02-20 21:51:00,316 DEBUG   HandlerThread:66472 [handler.py:handle_request():131] handle_request: stop_status
2022-02-20 21:51:00,316 DEBUG   SenderThread:66472 [sender.py:send_request():249] send_request: stop_status
2022-02-20 21:51:15,339 DEBUG   HandlerThread:66472 [handler.py:handle_request():131] handle_request: stop_status
2022-02-20 21:51:15,341 DEBUG   SenderThread:66472 [sender.py:send_request():249] send_request: stop_status
2022-02-20 21:51:30,370 DEBUG   HandlerThread:66472 [handler.py:handle_request():131] handle_request: stop_status
2022-02-20 21:51:30,370 DEBUG   SenderThread:66472 [sender.py:send_request():249] send_request: stop_status
2022-02-20 21:51:45,414 DEBUG   HandlerThread:66472 [handler.py:handle_request():131] handle_request: stop_status
2022-02-20 21:51:45,415 DEBUG   SenderThread:66472 [sender.py:send_request():249] send_request: stop_status
2022-02-20 21:52:00,439 DEBUG   HandlerThread:66472 [handler.py:handle_request():131] handle_request: stop_status
2022-02-20 21:52:00,440 DEBUG   SenderThread:66472 [sender.py:send_request():249] send_request: stop_status
2022-02-20 21:52:15,459 DEBUG   HandlerThread:66472 [handler.py:handle_request():131] handle_request: stop_status
2022-02-20 21:52:15,460 DEBUG   SenderThread:66472 [sender.py:send_request():249] send_request: stop_status
2022-02-20 21:52:30,494 DEBUG   HandlerThread:66472 [handler.py:handle_request():131] handle_request: stop_status
2022-02-20 21:52:30,494 DEBUG   SenderThread:66472 [sender.py:send_request():249] send_request: stop_status
2022-02-20 21:52:35,032 DEBUG   HandlerThread:66472 [handler.py:handle_request():131] handle_request: resume
2022-02-20 21:52:35,032 INFO    HandlerThread:66472 [handler.py:handle_request_resume():611] starting system metrics thread
2022-02-20 21:52:35,036 DEBUG   HandlerThread:66472 [handler.py:handle_request():131] handle_request: pause
2022-02-20 21:52:35,036 INFO    HandlerThread:66472 [handler.py:handle_request_pause():620] stopping system metrics thread
2022-02-20 21:52:35,139 DEBUG   SenderThread:66472 [sender.py:send():235] send: stats
2022-02-20 21:52:35,702 INFO    Thread-8  :66472 [dir_watcher.py:_on_file_modified():230] file/dir modified: /Users/den/my/fast/ml-env/notebooks/wandb/run-20220220_215014-1ryxhogy/files/output.log
2022-02-20 21:52:45,517 DEBUG   HandlerThread:66472 [handler.py:handle_request():131] handle_request: stop_status
2022-02-20 21:52:45,517 DEBUG   SenderThread:66472 [sender.py:send_request():249] send_request: stop_status
2022-02-20 21:53:00,539 DEBUG   HandlerThread:66472 [handler.py:handle_request():131] handle_request: stop_status
2022-02-20 21:53:00,539 DEBUG   SenderThread:66472 [sender.py:send_request():249] send_request: stop_status
2022-02-20 21:53:03,769 DEBUG   HandlerThread:66472 [handler.py:handle_request():131] handle_request: resume
2022-02-20 21:53:03,769 INFO    HandlerThread:66472 [handler.py:handle_request_resume():611] starting system metrics thread
2022-02-20 21:53:03,770 DEBUG   HandlerThread:66472 [handler.py:handle_request():131] handle_request: pause
2022-02-20 21:53:03,771 INFO    HandlerThread:66472 [handler.py:handle_request_pause():620] stopping system metrics thread
2022-02-20 21:53:03,876 DEBUG   SenderThread:66472 [sender.py:send():235] send: stats
2022-02-20 21:53:05,801 INFO    Thread-8  :66472 [dir_watcher.py:_on_file_modified():230] file/dir modified: /Users/den/my/fast/ml-env/notebooks/wandb/run-20220220_215014-1ryxhogy/files/output.log
2022-02-20 21:53:09,399 DEBUG   HandlerThread:66472 [handler.py:handle_request():131] handle_request: resume
2022-02-20 21:53:09,399 INFO    HandlerThread:66472 [handler.py:handle_request_resume():611] starting system metrics thread
2022-02-20 21:53:09,400 DEBUG   HandlerThread:66472 [handler.py:handle_request():131] handle_request: pause
2022-02-20 21:53:09,401 INFO    HandlerThread:66472 [handler.py:handle_request_pause():620] stopping system metrics thread
2022-02-20 21:53:09,506 DEBUG   SenderThread:66472 [sender.py:send():235] send: stats
2022-02-20 21:53:11,815 INFO    Thread-8  :66472 [dir_watcher.py:_on_file_modified():230] file/dir modified: /Users/den/my/fast/ml-env/notebooks/wandb/run-20220220_215014-1ryxhogy/files/output.log
2022-02-20 21:53:15,566 DEBUG   HandlerThread:66472 [handler.py:handle_request():131] handle_request: stop_status
2022-02-20 21:53:15,566 DEBUG   SenderThread:66472 [sender.py:send_request():249] send_request: stop_status
2022-02-20 21:53:30,587 DEBUG   HandlerThread:66472 [handler.py:handle_request():131] handle_request: stop_status
2022-02-20 21:53:30,587 DEBUG   SenderThread:66472 [sender.py:send_request():249] send_request: stop_status
2022-02-20 21:53:33,990 DEBUG   HandlerThread:66472 [handler.py:handle_request():131] handle_request: resume
2022-02-20 21:53:33,990 INFO    HandlerThread:66472 [handler.py:handle_request_resume():611] starting system metrics thread
2022-02-20 21:53:34,437 DEBUG   HandlerThread:66472 [handler.py:handle_request():131] handle_request: pause
2022-02-20 21:53:34,437 INFO    HandlerThread:66472 [handler.py:handle_request_pause():620] stopping system metrics thread
2022-02-20 21:53:34,506 DEBUG   SenderThread:66472 [sender.py:send():235] send: stats
2022-02-20 21:53:35,894 INFO    Thread-8  :66472 [dir_watcher.py:_on_file_modified():230] file/dir modified: /Users/den/my/fast/ml-env/notebooks/wandb/run-20220220_215014-1ryxhogy/files/output.log
2022-02-20 21:53:45,606 DEBUG   HandlerThread:66472 [handler.py:handle_request():131] handle_request: stop_status
2022-02-20 21:53:45,606 DEBUG   SenderThread:66472 [sender.py:send_request():249] send_request: stop_status
2022-02-20 21:53:47,324 DEBUG   HandlerThread:66472 [handler.py:handle_request():131] handle_request: resume
2022-02-20 21:53:47,324 INFO    HandlerThread:66472 [handler.py:handle_request_resume():611] starting system metrics thread
2022-02-20 21:53:47,373 DEBUG   HandlerThread:66472 [handler.py:handle_request():131] handle_request: pause
2022-02-20 21:53:47,373 INFO    HandlerThread:66472 [handler.py:handle_request_pause():620] stopping system metrics thread
2022-02-20 21:53:47,430 DEBUG   SenderThread:66472 [sender.py:send():235] send: stats
2022-02-20 21:53:48,934 INFO    Thread-8  :66472 [dir_watcher.py:_on_file_modified():230] file/dir modified: /Users/den/my/fast/ml-env/notebooks/wandb/run-20220220_215014-1ryxhogy/files/output.log
2022-02-20 21:53:49,104 DEBUG   HandlerThread:66472 [handler.py:handle_request():131] handle_request: resume
2022-02-20 21:53:49,104 INFO    HandlerThread:66472 [handler.py:handle_request_resume():611] starting system metrics thread
2022-02-20 21:53:49,130 DEBUG   HandlerThread:66472 [handler.py:handle_request():131] handle_request: log_artifact
2022-02-20 21:53:49,131 DEBUG   SenderThread:66472 [sender.py:send_request():249] send_request: log_artifact
2022-02-20 21:53:49,235 INFO    SenderThread:66472 [sender.py:send_request_log_artifact():973] logged artifact vehicle_defaults_processed - {'id': 'QXJ0aWZhY3Q6MQ==', 'digest': '2c6e1b72f30cd870de51b2382a2a53b5', 'state': 'COMMITTED', 'aliases': [{'artifactCollectionName': 'vehicle_defaults_processed', 'alias': 'latest'}, {'artifactCollectionName': 'vehicle_defaults_processed', 'alias': 'v0'}], 'artifactSequence': {'id': 'QXJ0aWZhY3RDb2xsZWN0aW9uOjE=', 'latestArtifact': {'id': 'QXJ0aWZhY3Q6MQ==', 'versionIndex': 0}}, 'version': 'v0'}
2022-02-20 21:53:49,235 DEBUG   SenderThread:66472 [sender.py:send():235] send: config
2022-02-20 21:53:49,552 DEBUG   HandlerThread:66472 [handler.py:handle_request():131] handle_request: poll_exit
2022-02-20 21:53:49,552 DEBUG   SenderThread:66472 [sender.py:send():235] send: telemetry
2022-02-20 21:53:49,553 DEBUG   SenderThread:66472 [sender.py:send():235] send: exit
2022-02-20 21:53:49,553 INFO    SenderThread:66472 [sender.py:send_exit():371] handling exit code: 0
2022-02-20 21:53:49,557 INFO    SenderThread:66472 [sender.py:send_exit():373] handling runtime: 6
2022-02-20 21:53:49,559 INFO    SenderThread:66472 [sender.py:_save_file():944] saving file wandb-summary.json with policy end
2022-02-20 21:53:49,559 INFO    SenderThread:66472 [sender.py:send_exit():379] send defer
2022-02-20 21:53:49,560 DEBUG   SenderThread:66472 [sender.py:send_request():249] send_request: poll_exit
2022-02-20 21:53:49,561 DEBUG   HandlerThread:66472 [handler.py:handle_request():131] handle_request: defer
2022-02-20 21:53:49,561 INFO    HandlerThread:66472 [handler.py:handle_request_defer():154] handle defer: 0
2022-02-20 21:53:49,562 DEBUG   SenderThread:66472 [sender.py:send_request():249] send_request: defer
2022-02-20 21:53:49,562 INFO    SenderThread:66472 [sender.py:send_request_defer():388] handle sender defer: 0
2022-02-20 21:53:49,562 INFO    SenderThread:66472 [sender.py:transition_state():392] send defer: 1
2022-02-20 21:53:49,562 DEBUG   HandlerThread:66472 [handler.py:handle_request():131] handle_request: defer
2022-02-20 21:53:49,562 INFO    HandlerThread:66472 [handler.py:handle_request_defer():154] handle defer: 1
2022-02-20 21:53:49,622 DEBUG   SenderThread:66472 [sender.py:send_request():249] send_request: defer
2022-02-20 21:53:49,622 INFO    SenderThread:66472 [sender.py:send_request_defer():388] handle sender defer: 1
2022-02-20 21:53:49,622 INFO    SenderThread:66472 [sender.py:transition_state():392] send defer: 2
2022-02-20 21:53:49,622 DEBUG   SenderThread:66472 [sender.py:send():235] send: stats
2022-02-20 21:53:49,623 DEBUG   HandlerThread:66472 [handler.py:handle_request():131] handle_request: defer
2022-02-20 21:53:49,623 INFO    HandlerThread:66472 [handler.py:handle_request_defer():154] handle defer: 2
2022-02-20 21:53:49,624 DEBUG   SenderThread:66472 [sender.py:send_request():249] send_request: defer
2022-02-20 21:53:49,624 INFO    SenderThread:66472 [sender.py:send_request_defer():388] handle sender defer: 2
2022-02-20 21:53:49,624 INFO    SenderThread:66472 [sender.py:transition_state():392] send defer: 3
2022-02-20 21:53:49,624 DEBUG   HandlerThread:66472 [handler.py:handle_request():131] handle_request: defer
2022-02-20 21:53:49,624 INFO    HandlerThread:66472 [handler.py:handle_request_defer():154] handle defer: 3
2022-02-20 21:53:49,624 DEBUG   SenderThread:66472 [sender.py:send():235] send: summary
2022-02-20 21:53:49,624 INFO    SenderThread:66472 [sender.py:_save_file():944] saving file wandb-summary.json with policy end
2022-02-20 21:53:49,625 DEBUG   SenderThread:66472 [sender.py:send_request():249] send_request: defer
2022-02-20 21:53:49,625 INFO    SenderThread:66472 [sender.py:send_request_defer():388] handle sender defer: 3
2022-02-20 21:53:49,625 INFO    SenderThread:66472 [sender.py:transition_state():392] send defer: 4
2022-02-20 21:53:49,625 DEBUG   HandlerThread:66472 [handler.py:handle_request():131] handle_request: defer
2022-02-20 21:53:49,625 INFO    HandlerThread:66472 [handler.py:handle_request_defer():154] handle defer: 4
2022-02-20 21:53:49,626 DEBUG   SenderThread:66472 [sender.py:send_request():249] send_request: defer
2022-02-20 21:53:49,626 INFO    SenderThread:66472 [sender.py:send_request_defer():388] handle sender defer: 4
2022-02-20 21:53:49,652 INFO    SenderThread:66472 [sender.py:transition_state():392] send defer: 5
2022-02-20 21:53:49,653 DEBUG   HandlerThread:66472 [handler.py:handle_request():131] handle_request: defer
2022-02-20 21:53:49,653 INFO    HandlerThread:66472 [handler.py:handle_request_defer():154] handle defer: 5
2022-02-20 21:53:49,653 DEBUG   SenderThread:66472 [sender.py:send_request():249] send_request: defer
2022-02-20 21:53:49,653 INFO    SenderThread:66472 [sender.py:send_request_defer():388] handle sender defer: 5
2022-02-20 21:53:49,653 INFO    SenderThread:66472 [dir_watcher.py:finish():283] shutting down directory watcher
2022-02-20 21:53:49,667 DEBUG   HandlerThread:66472 [handler.py:handle_request():131] handle_request: poll_exit
2022-02-20 21:53:49,940 INFO    SenderThread:66472 [dir_watcher.py:_on_file_modified():230] file/dir modified: /Users/den/my/fast/ml-env/notebooks/wandb/run-20220220_215014-1ryxhogy/files/output.log
2022-02-20 21:53:49,940 INFO    SenderThread:66472 [dir_watcher.py:_on_file_modified():230] file/dir modified: /Users/den/my/fast/ml-env/notebooks/wandb/run-20220220_215014-1ryxhogy/files/wandb-summary.json
2022-02-20 21:53:49,941 INFO    SenderThread:66472 [dir_watcher.py:_on_file_modified():230] file/dir modified: /Users/den/my/fast/ml-env/notebooks/wandb/run-20220220_215014-1ryxhogy/files/config.yaml
2022-02-20 21:53:49,941 INFO    SenderThread:66472 [dir_watcher.py:_on_file_created():217] file/dir created: /Users/den/my/fast/ml-env/notebooks/wandb/run-20220220_215014-1ryxhogy/files/code/_session_history.ipynb
2022-02-20 21:53:49,941 INFO    SenderThread:66472 [dir_watcher.py:_on_file_created():217] file/dir created: /Users/den/my/fast/ml-env/notebooks/wandb/run-20220220_215014-1ryxhogy/files/code
2022-02-20 21:53:49,941 INFO    SenderThread:66472 [dir_watcher.py:finish():313] scan: /Users/den/my/fast/ml-env/notebooks/wandb/run-20220220_215014-1ryxhogy/files
2022-02-20 21:53:49,941 INFO    SenderThread:66472 [dir_watcher.py:finish():327] scan save: /Users/den/my/fast/ml-env/notebooks/wandb/run-20220220_215014-1ryxhogy/files/diff.patch diff.patch
2022-02-20 21:53:49,941 INFO    SenderThread:66472 [dir_watcher.py:finish():327] scan save: /Users/den/my/fast/ml-env/notebooks/wandb/run-20220220_215014-1ryxhogy/files/requirements.txt requirements.txt
2022-02-20 21:53:49,942 INFO    SenderThread:66472 [dir_watcher.py:finish():327] scan save: /Users/den/my/fast/ml-env/notebooks/wandb/run-20220220_215014-1ryxhogy/files/output.log output.log
2022-02-20 21:53:49,942 INFO    SenderThread:66472 [dir_watcher.py:finish():327] scan save: /Users/den/my/fast/ml-env/notebooks/wandb/run-20220220_215014-1ryxhogy/files/config.yaml config.yaml
2022-02-20 21:53:49,942 INFO    SenderThread:66472 [dir_watcher.py:finish():327] scan save: /Users/den/my/fast/ml-env/notebooks/wandb/run-20220220_215014-1ryxhogy/files/wandb-summary.json wandb-summary.json
2022-02-20 21:53:49,948 INFO    SenderThread:66472 [dir_watcher.py:finish():327] scan save: /Users/den/my/fast/ml-env/notebooks/wandb/run-20220220_215014-1ryxhogy/files/wandb-metadata.json wandb-metadata.json
2022-02-20 21:53:49,949 INFO    SenderThread:66472 [dir_watcher.py:finish():327] scan save: /Users/den/my/fast/ml-env/notebooks/wandb/run-20220220_215014-1ryxhogy/files/code/_session_history.ipynb code/_session_history.ipynb
2022-02-20 21:53:49,953 INFO    SenderThread:66472 [sender.py:transition_state():392] send defer: 6
2022-02-20 21:53:49,953 DEBUG   SenderThread:66472 [sender.py:send_request():249] send_request: poll_exit
2022-02-20 21:53:49,956 DEBUG   HandlerThread:66472 [handler.py:handle_request():131] handle_request: defer
2022-02-20 21:53:49,958 INFO    HandlerThread:66472 [handler.py:handle_request_defer():154] handle defer: 6
2022-02-20 21:53:49,958 DEBUG   SenderThread:66472 [sender.py:send_request():249] send_request: defer
2022-02-20 21:53:49,959 INFO    SenderThread:66472 [sender.py:send_request_defer():388] handle sender defer: 6
2022-02-20 21:53:49,959 INFO    SenderThread:66472 [file_pusher.py:finish():177] shutting down file pusher
2022-02-20 21:53:50,047 INFO    Thread-26 :66472 [upload_job.py:push():137] Uploaded file /Users/den/my/fast/ml-env/notebooks/wandb/run-20220220_215014-1ryxhogy/files/config.yaml
2022-02-20 21:53:50,053 INFO    Thread-24 :66472 [upload_job.py:push():137] Uploaded file /Users/den/my/fast/ml-env/notebooks/wandb/run-20220220_215014-1ryxhogy/files/requirements.txt
2022-02-20 21:53:50,057 INFO    Thread-27 :66472 [upload_job.py:push():137] Uploaded file /Users/den/my/fast/ml-env/notebooks/wandb/run-20220220_215014-1ryxhogy/files/wandb-summary.json
2022-02-20 21:53:50,058 INFO    Thread-28 :66472 [upload_job.py:push():137] Uploaded file /Users/den/my/fast/ml-env/notebooks/wandb/run-20220220_215014-1ryxhogy/files/code/_session_history.ipynb
2022-02-20 21:53:50,060 INFO    Thread-25 :66472 [upload_job.py:push():137] Uploaded file /Users/den/my/fast/ml-env/notebooks/wandb/run-20220220_215014-1ryxhogy/files/output.log
2022-02-20 21:53:50,060 DEBUG   HandlerThread:66472 [handler.py:handle_request():131] handle_request: poll_exit
2022-02-20 21:53:50,060 DEBUG   SenderThread:66472 [sender.py:send_request():249] send_request: poll_exit
2022-02-20 21:53:50,165 DEBUG   HandlerThread:66472 [handler.py:handle_request():131] handle_request: poll_exit
2022-02-20 21:53:50,166 DEBUG   SenderThread:66472 [sender.py:send_request():249] send_request: poll_exit
2022-02-20 21:53:50,260 INFO    Thread-7  :66472 [sender.py:transition_state():392] send defer: 7
2022-02-20 21:53:50,260 DEBUG   HandlerThread:66472 [handler.py:handle_request():131] handle_request: defer
2022-02-20 21:53:50,260 INFO    HandlerThread:66472 [handler.py:handle_request_defer():154] handle defer: 7
2022-02-20 21:53:50,261 DEBUG   SenderThread:66472 [sender.py:send_request():249] send_request: defer
2022-02-20 21:53:50,261 INFO    SenderThread:66472 [sender.py:send_request_defer():388] handle sender defer: 7
2022-02-20 21:53:50,271 DEBUG   HandlerThread:66472 [handler.py:handle_request():131] handle_request: poll_exit
2022-02-20 21:53:50,296 INFO    SenderThread:66472 [sender.py:transition_state():392] send defer: 8
2022-02-20 21:53:50,296 DEBUG   SenderThread:66472 [sender.py:send_request():249] send_request: poll_exit
2022-02-20 21:53:50,296 DEBUG   HandlerThread:66472 [handler.py:handle_request():131] handle_request: defer
2022-02-20 21:53:50,296 INFO    HandlerThread:66472 [handler.py:handle_request_defer():154] handle defer: 8
2022-02-20 21:53:50,297 DEBUG   SenderThread:66472 [sender.py:send_request():249] send_request: defer
2022-02-20 21:53:50,297 INFO    SenderThread:66472 [sender.py:send_request_defer():388] handle sender defer: 8
2022-02-20 21:53:50,297 INFO    SenderThread:66472 [sender.py:transition_state():392] send defer: 9
2022-02-20 21:53:50,298 DEBUG   SenderThread:66472 [sender.py:send():235] send: final
2022-02-20 21:53:50,298 DEBUG   SenderThread:66472 [sender.py:send():235] send: footer
2022-02-20 21:53:50,298 DEBUG   HandlerThread:66472 [handler.py:handle_request():131] handle_request: defer
2022-02-20 21:53:50,298 INFO    HandlerThread:66472 [handler.py:handle_request_defer():154] handle defer: 9
2022-02-20 21:53:50,298 DEBUG   SenderThread:66472 [sender.py:send_request():249] send_request: defer
2022-02-20 21:53:50,298 INFO    SenderThread:66472 [sender.py:send_request_defer():388] handle sender defer: 9
2022-02-20 21:53:50,400 DEBUG   HandlerThread:66472 [handler.py:handle_request():131] handle_request: poll_exit
2022-02-20 21:53:50,400 DEBUG   SenderThread:66472 [sender.py:send_request():249] send_request: poll_exit
2022-02-20 21:53:50,400 INFO    SenderThread:66472 [file_pusher.py:join():182] waiting for file pusher
2022-02-20 21:53:50,416 DEBUG   HandlerThread:66472 [handler.py:handle_request():131] handle_request: get_summary
2022-02-20 21:53:50,416 DEBUG   HandlerThread:66472 [handler.py:handle_request():131] handle_request: sampled_history
2022-02-20 21:53:50,417 DEBUG   HandlerThread:66472 [handler.py:handle_request():131] handle_request: shutdown
2022-02-20 21:53:50,418 INFO    HandlerThread:66472 [handler.py:finish():739] shutting down handler
2022-02-20 21:53:51,298 INFO    WriterThread:66472 [datastore.py:close():281] close: /Users/den/my/fast/ml-env/notebooks/wandb/run-20220220_215014-1ryxhogy/run-1ryxhogy.wandb
2022-02-20 21:53:51,417 INFO    SenderThread:66472 [sender.py:finish():1075] shutting down sender
2022-02-20 21:53:51,417 INFO    SenderThread:66472 [file_pusher.py:finish():177] shutting down file pusher
2022-02-20 21:53:51,418 INFO    SenderThread:66472 [file_pusher.py:join():182] waiting for file pusher
2022-02-20 21:53:51,420 INFO    MainThread:66472 [internal.py:handle_exit():79] Internal process exited
